1 221 230 181
2 216 128 265
3 167 96 35
4 0 53 124 2
5 234 277 219
6 36 32 20
7 180 102 242
8 33 222 264
9 179 244 106
10 65 281 199 130
11 116 204 51
12 296 282 266
13 168 188 291 274
14 54 40 292
15 34 39 112
16 108 174 255
17 85 217 12
18 275 29 238
19 87 28 223
20 41 284 250
21 184 241 78
22 164 172 31
23 249 239 115
24 99 214 196
25 212 202 155
26 110 146 289
27 88 121 141
28 75 68 43
29 103 14 59
30 80 82 104
31 72 185 145
32 4 64 152
33 8 122 55
34 7 271 154
35 294 295 176
36 148 158 280
37 134 50 192
38 162 268 71
39 259 3 66
40 159 243 120
41 286 157 182
42 246 111 252
43 299 254 67
44 203 209 100
45 24 26 142
46 133 236 215
47 210 207 297
48 62 11 126
49 161 86 228
50 127 89 231
51 13 253 288
52 260 191 17
53 276 170 47
54 136 258 251
55 220 27 30
56 92 61 262
57 95 160 233
58 58 163 206
59 137 177 97
60 290 109 186
61 227 117 256
62 193 298 279
63 15 73 240
64 218 197 143
65 273 22 229
66 150 23 37
67 285 90 189
68 225 195 272
69 107 147 194
70 74 48 94
71 144 114 135
72 56 237 1
73 105 269 69
74 18 6 270
75 171 190 123
76 187 140 46
77 263 76 293
78 38 42 208
79 63 70 173
80 125 10 77
81 156 83 247
82 261 101 278
83 60 25 153
84 200 93 178
85 57 235 84
86 19 201 132
87 198 131 52
88 213 5 151
89 267 283 49
90 44 119 257
91 129 118 9
92 79 287 211
93 245 138 149
94 226 81 169
95 21 98
96 113 139 175
97 224 45 165
98 91 248 183
99 232 205
100 166 16
