25 2735 3918 5517 1260 1272 3636 8804 3785 2121 2468 3216 6682 9798 7273 6561 609 5085 3192 7544 6195 5429 9307 3853 795 8556 
21 3090 3005 493 1723 832 5838 3685 8159 9299 3277 9894 2749 4526 3059 6759 1858 7054 1059 4181 4606 2049 
22 6689 9090 5060 9586 4940 9134 5951 8486 2048 6223 724 592 2144 6754 3545 2012 2895 1131 3809 8251 9461 2441 
22 1209 1637 4455 439 2731 8504 2954 2467 9328 7967 6880 6983 5904 8442 1672 5132 5475 6768 7954 7888 9451 8594 
27 6466 477 8979 199 9492 8273 7134 5009 9911 8760 2078 8693 4335 3446 1053 5645 1017 5945 2890 7589 4179 2490 6390 8724 5753 2312 7133 
25 5018 1105 1111 4871 4114 4266 8428 9085 5767 512 4188 6469 3961 4870 94 8399 1401 1347 6687 1398 4077 2592 1951 6257 181 
25 9313 2233 4575 5777 1627 2900 4477 9228 7931 8027 3593 744 3010 2256 7095 5498 6551 1798 7826 9200 3260 5316 6147 1230 9354 
25 2519 5218 5189 8521 3038 4541 1098 8038 5208 692 4906 171 7497 2461 5199 4961 4229 532 2349 3627 5735 4445 2794 4350 4662 
26 4525 1838 6786 7870 8194 7746 4270 9496 1561 412 7570 1145 7939 2563 4804 3437 8427 2733 2085 9108 1385 1108 6631 1570 3284 5108 
24 5934 1438 3424 7446 5240 1884 7425 7778 2272 2670 1307 5309 3747 1824 4210 8771 1764 8483 9373 5435 5623 7702 3860 9227 
23 88 8149 2106 7086 5678 7203 2291 8780 6699 2390 26 3567 6376 6510 2226 6395 9973 2692 2865 4189 6088 298 3402 
21 2465 4984 1142 951 7492 6871 876 9701 7381 9826 8745 7331 4876 1375 2081 179 6028 9601 5604 1210 6111 
26 549 8425 8835 5602 6584 3345 4971 5933 7866 8261 8649 8437 1857 7786 3342 1578 5947 8365 3048 1242 2746 9013 9336 7524 5848 626 
22 7957 7020 3541 511 1365 1109 2415 8237 6605 3145 5284 7500 2267 4816 340 7029 8759 8333 9390 13 6665 1948 
26 519 4781 6669 8554 7232 4607 5374 2680 4406 5268 283 5640 4276 195 3361 5496 7443 7845 5144 6419 1552 3275 6096 2423 1642 8054 
26 4309 5615 6239 318 3879 91 8506 9438 8072 2438 3907 3141 2960 173 2560 9958 1717 1432 5488 62 995 265 1619 4305 579 5063 
25 5970 1170 7792 1326 208 4593 6672 2948 272 736 7626 1964 7354 6429 3419 3649 5403 8409 2188 8934 5806 6693 5817 2376 2848 
25 5324 5808 5089 6186 5917 2776 1537 886 523 3476 3547 7091 3027 7098 9111 6180 6385 3956 8754 1360 1793 4283 2888 5812 8722 
26 4839 6485 1852 4064 2235 5453 921 6593 9089 319 5411 6779 889 7718 5675 2294 5522 4748 1687 7970 9016 2743 8802 2481 2298 1001 
24 606 4693 9556 9640 4656 5050 6784 9272 4353 4111 5094 2024 4217 8669 3152 7848 5181 5950 5056 9257 5894 9711 8332 8019 
24 423 6404 2335 4875 9743 4652 595 6657 6727 1831 9436 2284 9327 43 1554 1274 891 5641 2637 2145 9189 6434 980 4241 
24 6663 3990 245 6764 6216 1311 6098 1008 536 6203 9779 6609 6339 6130 6530 8357 3771 4680 630 9922 844 1847 5931 3755 
26 187 5727 965 9696 7685 5642 4326 4227 1338 130 9001 9983 8400 9716 8299 8258 1485 3001 8466 919 1185 4780 8195 6627 8008 8947 
23 1776 8290 5996 8791 6182 2320 9424 9553 2548 4562 5715 4251 9661 1165 9448 4175 6259 8456 810 7953 669 321 8480 
24 1066 5227 3329 6245 3906 6537 7558 7037 8904 776 1342 5326 8778 7545 3768 1895 4444 6193 7044 349 4540 5436 5390 939 
24 5335 8630 4170 1233 8955 772 3465 2374 4566 2 6292 7651 4947 7179 3387 7590 3217 6233 7775 7291 4861 3612 329 7527 
24 8175 696 3170 7465 4629 7387 2054 4784 8097 5664 733 9331 4597 4322 4370 9053 336 573 5337 8866 8849 360 9831 8921 
27 3817 5213 8447 7236 3270 4403 403 6163 1048 8099 3282 357 6171 1296 786 1164 2965 7360 5570 9501 3814 5095 7087 5362 5647 5819 4622 
23 4758 1773 2642 2992 6526 7191 6476 3946 7793 6235 9139 9083 4810 6154 6878 3831 861 479 7539 3702 8452 6514 638 
26 1273 817 3989 6338 7193 7479 9570 4879 6067 8662 6306 4809 2340 3756 2682 3538 7652 1498 9399 6278 4812 9676 5599 8607 4490 5720 
26 7499 6329 720 6856 5135 7595 7761 6268 1198 2938 3443 5340 3045 999 1622 2336 2676 673 1526 228 8092 8836 6045 455 9311 144 
21 1867 3640 6200 266 7364 1169 2966 2977 3213 4912 5956 9363 363 8704 7514 9491 2716 1085 5311 4820 406 
27 7965 8932 5510 7430 483 1106 907 4130 6907 1461 8646 2595 8025 9774 9877 1806 8776 3523 3096 6500 4926 1987 7983 8877 4393 1087 1038 
24 6822 9935 2143 3544 4938 8259 9263 6579 5064 9574 3428 1310 8881 1163 5257 2514 2953 6892 6401 7530 7801 6978 3069 6479 
22 2432 7687 4164 4807 9464 8112 1422 9741 3722 3999 8958 619 9060 521 3662 3209 3407 5492 6209 3676 8726 1562 
27 7070 7398 200 5957 9064 1686 4664 659 4853 2248 2841 7004 5880 4198 4982 470 2420 8966 9892 765 2849 8479 7127 3180 7215 2286 8862 
24 4742 8557 4833 2216 6173 952 1302 8312 9167 9754 3150 3913 2700 7797 4176 2380 7157 1795 1812 3983 2554 9494 6087 3880 
24 3055 4583 209 8766 8609 9195 7515 8945 9724 4690 3606 5122 1668 4663 6117 905 158 5509 5151 6153 3797 5896 5592 5415 
22 6002 1407 5466 7602 1963 4007 5579 2115 9882 1924 6821 9378 6167 3487 7871 8006 9047 1322 4983 1442 8278 1559 
26 7475 1228 2511 6430 5650 1263 4724 5001 3372 2737 2452 6772 1435 8165 5007 335 4524 5022 785 9088 7170 5960 4363 2679 7943 4091 
27 672 3276 5746 8410 8940 141 382 8339 9361 894 7798 3777 6637 1151 6568 5938 8405 5752 3744 7158 5242 6373 3035 845 7772 1055 7093 
25 8477 7891 6159 3938 6615 4880 629 4834 1166 4981 4625 6862 1266 3072 9218 2214 3382 2619 2533 7089 3488 8790 8249 2540 3631 
25 8292 7198 6804 8348 9199 1168 9912 5907 947 3293 1914 4578 3521 1650 7439 4678 9115 7473 1076 8999 5044 9446 86 2408 7252 
24 3580 789 9030 3325 2817 3867 1330 2622 5163 7065 8749 3233 7313 1171 9664 1007 1241 5354 3914 8797 6273 6546 2819 9766 
26 6277 4387 697 4410 7840 7278 6237 286 9074 8491 2444 8140 9919 186 5421 8567 185 5430 5638 3944 8626 7664 6482 4267 9396 6748 
23 5235 2079 7248 6567 5674 5701 8617 7564 3862 3031 8960 5470 3101 5728 2004 6555 4755 8677 8658 1354 3265 4649 7393 
25 2720 1113 1588 2382 2323 3775 3227 1197 2910 1255 1328 8470 9554 9978 6033 1187 1632 8972 8900 3504 3703 4079 1327 1082 2225 
23 9409 6849 1313 9634 4585 6270 3364 2790 5879 1791 2383 1842 4135 5506 3006 647 7919 3254 8341 4996 4506 472 247 
22 3629 8484 2523 7876 6119 6313 1415 1016 5864 1649 5019 3360 9531 2028 4923 1760 5924 9339 2689 4337 8327 8718 
24 4094 7864 892 4225 7434 559 5994 2164 9192 5247 6625 5537 1116 8729 1388 668 162 1704 5612 3324 5833 8647 1341 8375 
23 2920 7435 4223 4980 846 4450 425 1891 7918 4106 9658 8390 2545 752 2331 8474 6623 5755 4275 8666 2623 7537 1923 
23 1560 8736 6192 9524 657 8220 8266 3673 4167 4608 9231 8992 9732 2701 6095 3479 6017 1927 9600 9196 7649 2410 9677 
22 3607 1784 9316 6069 2937 1968 4274 1504 2241 3463 7363 742 6525 3888 858 8322 4492 4484 2879 2998 2839 5629 
27 677 567 7846 5757 6742 6261 4063 388 1934 3610 3550 405 6846 534 8920 5921 7897 2097 7670 3034 7308 5613 4174 5269 2730 5232 2134 
24 1097 3540 3773 3885 7092 1745 8263 8214 9823 6987 8007 3404 6522 5520 6620 2871 5330 4548 3071 5867 9010 1544 9811 6507 
24 9679 2536 9602 956 2077 3190 8324 6094 6904 1771 518 9355 9403 7960 7447 2367 4385 8592 1445 9058 2946 9198 3591 9117 
23 9752 3294 8629 2973 2934 6076 1721 6674 779 6165 1047 3262 1572 4631 8181 1548 4381 3864 7279 9434 371 1599 3620 
24 5497 3249 3891 3200 5156 6196 3326 1459 4734 3772 9029 4232 9835 748 5270 8041 1083 1754 8355 9340 6534 9793 6294 1718 
23 6670 8458 5049 4016 1667 8403 120 1458 2568 8502 2228 4718 2805 8143 7741 8886 5084 2372 2353 2671 5659 4140 9281 
25 1757 7862 9636 5169 6460 8182 8764 5023 8961 970 8569 9629 6847 8241 2101 3884 5454 2472 307 5162 4383 8925 234 1677 1247 
23 5440 7028 9666 1240 5756 8298 9232 4884 8746 4642 1861 3767 1989 8248 520 3485 5898 6230 4702 8943 1586 8453 8154 
24 9514 8302 5748 3554 6023 5344 396 8239 4840 8833 3053 4442 5681 5524 7201 9588 5126 4574 7660 4392 8369 8581 7586 2627 
25 2571 2424 6068 8434 8079 5766 4497 4623 6056 3924 8307 5061 1034 4881 9686 3801 3198 8912 7644 2014 2629 3671 1287 1204 3528 
22 9003 1605 4194 4404 8575 4123 8493 9319 7296 9498 3351 5502 4082 7003 1917 6781 593 4509 2815 6845 1841 1009 
24 3549 726 2566 6710 7994 7816 2292 7592 4564 21 9884 5651 6486 4730 4560 5605 5639 2092 9772 2046 7039 9129 4451 7733 
23 6381 2641 3129 1508 607 5238 5526 3085 2141 5210 2341 7298 7094 5747 7656 8196 8975 6792 869 6250 2224 9317 722 
24 4601 7156 9691 5829 1863 6512 6716 4944 5610 912 7791 4591 8242 449 116 9269 8469 7623 3268 5410 899 5404 3012 2586 
21 5860 4546 1054 4558 3054 2673 461 509 6921 8334 581 5217 6372 3385 9455 3954 6954 5146 3681 8538 6644 
22 8708 2538 2198 3116 6251 397 6386 9734 7620 8545 7024 9630 223 4932 7771 7634 4391 6302 7413 1377 59 5586 
25 7657 9406 3263 5234 4990 8990 147 4594 8494 4394 7842 3256 5729 4619 80 2242 6371 3803 522 9057 6007 469 5413 7042 1547 
27 9847 8024 661 5955 164 3493 6407 8560 9248 5074 9143 5804 6326 8127 2789 6027 4674 7155 3730 564 5236 8478 783 7977 3390 8552 5504 
23 5445 5491 2147 8989 8191 6698 8827 8051 4685 338 6908 4459 5258 8161 9989 9367 7241 5683 5439 797 6258 295 3380 
24 8310 9405 2742 975 5503 9276 4400 7274 7691 1709 3186 2159 4950 9708 2199 7480 5315 5946 8570 362 8888 5455 398 5543 
25 4078 3826 3557 6454 2654 9075 7971 4472 2137 1767 6970 1235 2567 7584 632 5893 7910 5884 4447 7437 7964 5202 5874 1931 1410 
20 6916 1024 9890 9512 6580 2406 636 2021 2546 8813 9674 1839 8732 264 1390 7359 4231 9220 9829 1212 
26 9976 1512 9469 6475 3119 5913 4441 7176 3454 4212 3495 7292 9275 2334 6351 8052 44 8005 8611 9069 6501 927 1095 4904 2862 1020 
24 2883 4208 5025 9769 6357 2831 7068 3469 9362 6138 5389 3201 6187 8250 3813 9899 9802 9081 6214 1285 3792 8482 5876 3825 
26 4008 1384 5721 5816 9130 5695 178 7562 5101 9160 1383 5689 6204 974 6471 7299 5277 1089 4480 1362 3745 2064 401 6151 9753 8543 
26 9888 2714 7648 4202 8368 8742 993 5995 3584 3561 9368 2151 7368 322 2215 577 5468 3318 1661 6472 6046 8893 8320 8541 8980 3386 
23 1305 7612 2230 1830 9871 3232 379 285 1921 4075 6655 2611 5943 2405 6557 2195 5775 1044 650 8923 1983 3984 7173 
26 6263 1609 9274 3411 3542 9375 6589 8257 4653 987 8293 3182 3123 1832 6008 3331 4076 2728 5585 6075 9099 8702 3626 438 3791 9776 
24 6815 3575 9813 1994 2686 5036 7745 9975 9288 4293 215 3135 5981 3973 7419 6709 4341 9582 8777 9953 1303 5737 790 9860 
25 3307 6658 1524 3475 2352 2732 4798 8018 5099 3570 8004 8067 3613 9682 6400 2553 6388 2168 1575 5928 5252 4354 5889 8519 8171 
21 303 5387 1674 533 32 2119 2675 8644 5608 852 8811 9697 7330 5490 605 4215 8964 427 3298 6559 6494 
27 4071 699 3068 9654 8173 2480 6932 4104 7796 1394 6574 6061 3352 5525 824 5863 5595 5916 6040 9443 4726 2976 8589 9169 6981 7002 4156 
22 2316 1860 6307 5888 2409 5043 2011 9264 6301 1819 153 8432 8844 9565 654 8660 6428 4401 1367 108 9940 4042 
23 1335 2166 2780 2132 7847 775 4278 8801 9644 4073 6396 8476 815 6464 5053 2974 6826 9243 3106 913 2193 8156 437 
25 8731 3596 874 4285 6575 1239 5045 4989 1176 9800 5005 9706 7735 1719 1853 5203 6651 9904 5142 1426 1594 4841 1115 9097 7049 
20 2917 7329 2881 2140 7342 3429 3851 1603 2370 8475 8284 2451 4529 5518 5190 4416 8663 4752 6840 8331 
24 5086 9920 4624 6771 942 3290 6082 5070 8160 582 5786 7353 7076 2991 7504 5119 2579 1063 642 8880 5096 6032 3742 6721 
25 9619 3579 5890 7874 7190 9576 5116 8956 3157 3007 1967 9043 4168 8141 9683 2102 124 7378 2202 7050 2823 8696 5204 7673 8430 
27 2061 3758 8382 4869 4024 5952 4195 7873 2025 6775 688 4460 6014 4187 2239 3355 7336 3678 6166 2182 182 2643 9971 4310 7303 3690 142 
23 4618 4260 5425 5012 6927 9842 4872 7197 7334 1715 4235 6387 1671 7945 3517 5319 1413 8389 9063 5345 5937 1522 7375 
24 1138 7320 8338 9511 9037 5170 5100 6367 1248 857 8326 129 7800 735 6162 8305 6254 2347 1162 8579 6986 2598 831 4281 
24 7929 4706 2401 9549 2754 9392 5702 6746 5211 2808 3251 5097 1371 3525 2485 574 3125 8499 79 5521 9467 9749 9241 5857 
26 1315 1323 7224 8991 4493 4966 5014 3731 4426 9103 1275 2129 8855 2943 7608 7932 9788 418 7159 9606 4994 7052 2833 4049 9827 3569 
22 9707 190 6756 2425 1465 8167 7769 5824 9849 6548 684 634 262 4436 2266 145 7051 1452 9936 8463 2271 8022 
21 5300 4885 1959 7312 3082 9972 7169 6865 7749 1681 9376 8997 3568 1316 7153 7126 6761 5325 6993 6242 5665 
21 4059 1630 7314 856 4854 7988 5619 2179 3854 6963 6824 6281 7521 7661 5288 1243 7844 4580 251 7824 6185 
26 7861 8158 2681 3445 9819 9242 3122 2220 8103 8186 6708 3894 8177 7819 7192 3242 1618 5164 287 8781 3899 8441 7880 6635 7123 2691 
23 7429 2738 1251 95 5601 5660 9284 9238 9810 6581 414 841 1068 2003 3670 2932 6354 8619 3837 791 1479 1093 7766 
24 5192 7993 7677 2112 4595 5382 2958 8446 2034 3753 9136 2684 5984 9350 7942 110 6720 3600 5246 9007 9465 6979 7069 7111 
24 5299 3236 4635 9297 381 7162 4355 7770 3210 5556 9917 1132 9400 5741 9119 6549 404 3094 9777 6335 8503 6676 2243 8069 
29 6783 3409 8203 5686 849 5241 1859 5123 1541 1907 9421 2443 1125 4567 7917 5427 8461 7851 4271 5726 7981 8765 8515 4633 2604 3787 12 3518 1439 
23 4058 5948 2495 6000 4035 3958 177 6737 3735 5708 3992 4942 7321 5220 2685 5590 4917 8084 4015 4361 5563 794 1015 
31 7401 9852 5540 3026 3721 2652 542 7422 2086 8826 7755 5472 1501 4407 5577 2892 814 9591 827 1196 3089 87 2562 7300 5869 3002 8130 6112 2280 8337 3097 
27 4855 7210 128 8747 6480 4089 7794 8193 9006 7021 9939 8360 7832 7371 4514 7995 5355 7022 7765 9124 3604 966 5926 1278 5443 447 4799 
27 7463 658 6455 2056 6703 5830 8272 7764 1639 953 3174 3154 4903 731 7549 3700 4026 8905 5327 2705 4672 9873 6421 3819 302 4683 5398 
24 273 2357 2074 7668 1762 1494 3373 5451 9881 5380 6363 5986 2197 4036 4389 6315 3953 6976 6099 3003 421 7166 6994 6221 
27 3167 8459 8573 4973 8795 1232 8101 6659 8033 6345 4086 1592 2710 3980 4053 8907 3764 3306 925 5013 6890 6731 8684 7885 5883 3134 2597 
27 769 6199 1010 2497 1175 4786 7171 5899 4249 6806 5523 4279 8169 4710 8689 9866 6675 7855 5333 3706 9174 3934 7989 3492 3923 898 6060 
21 3444 7512 3317 6550 9116 767 4965 1679 2063 8415 693 359 4847 2832 7747 466 3882 879 5533 4951 1006 
24 9305 1013 1970 6340 5724 9357 5564 1799 4456 2125 5391 8387 7160 5196 9453 9713 8625 7740 7803 3140 2683 4522 8654 3204 
27 2247 1372 4196 7867 9712 9737 2343 2373 8289 3377 7599 9616 7400 9825 2295 3815 9995 2824 7526 2249 4760 9067 491 8717 5661 8001 9172 
24 4377 1492 2784 933 7628 9475 2602 4857 2082 4038 9205 3962 5849 3912 3195 8829 1780 7667 3941 4132 9266 6035 3848 7641 
27 2135 7287 8832 780 7883 9546 8378 3622 7498 5901 8721 6939 8544 5216 6176 7619 8039 5754 7854 5784 4288 1128 7606 5077 729 8701 2530 
25 8703 2838 8784 5620 6026 1256 4213 1309 1045 7407 7142 6495 8628 771 985 6055 9201 5010 312 6074 390 937 9714 7011 5020 
24 3442 8262 3354 8464 922 7411 9928 7316 4019 3070 7440 4590 453 9194 3379 6267 4900 7242 7421 4551 5051 3304 4844 4955 
24 6412 1194 8978 6903 6402 5457 5910 9324 2863 6810 515 9718 9665 5255 2517 460 2775 5676 3287 3441 3378 8372 9558 616 
24 700 9347 3910 9485 5539 1349 1583 5031 7843 2901 3121 9879 958 4323 6863 8438 1025 7578 1400 7033 2262 6311 3687 4476 
27 117 9128 3188 5668 7034 4713 1985 508 137 2439 1624 663 9967 8738 7327 6528 6827 1678 3506 6232 6964 9931 6343 1225 6973 8078 6271 
23 713 7180 9078 6842 2059 1441 7066 1179 30 9433 83 6447 1387 5484 9435 1358 2111 4216 8011 4859 4261 4052 1705 
21 2949 3197 4109 4705 1913 8555 546 5835 7493 4856 6678 8343 8863 2995 727 1657 5438 3226 1694 389 3111 
22 9563 7129 1221 9345 3477 156 6297 7754 9333 9142 6617 4902 8336 2587 9663 4640 9051 7251 5130 3014 9834 1929 
24 6695 4414 7372 2916 3732 6247 8851 8857 7587 9816 7510 1486 4740 2030 2091 5392 7084 269 1739 4995 383 8363 1758 6453 
25 6831 6457 5636 5663 2000 7912 2527 9031 7392 9994 2501 5184 9862 1444 496 2317 2761 1126 9885 1467 5942 3417 8138 8808 2897 
25 1543 9402 6741 7572 9477 1369 514 1220 7415 2874 320 3536 676 7032 4166 2860 5643 2369 4294 7204 6358 259 8168 5474 343 
21 3156 9649 4910 5712 3615 9832 2930 6946 3507 6462 1078 9929 6869 4238 3558 4431 4563 1809 5055 3255 9638 
22 8518 5858 9805 5621 4643 8806 7837 1930 7712 1911 399 678 2765 2756 6928 2283 1975 7358 4577 1893 7476 7600 
22 5769 1984 6327 9735 9761 2173 8316 6800 1656 3977 9783 4093 5565 5168 1666 5772 5703 5624 6616 4149 6052 6 
25 9393 7114 8277 1640 1102 7916 1523 7532 4689 5176 4747 3473 8107 1533 2666 8457 8723 2853 2080 3886 3644 2253 1958 4790 3588 
24 6901 9463 9926 146 1553 8809 586 2599 8576 3919 9597 6938 5987 2427 4943 1172 5800 8364 7412 7717 3529 5616 4296 2840 
22 7040 627 6765 9625 8035 1509 3099 2898 808 1464 1702 5350 7720 9258 6049 5673 5787 4791 436 662 3264 1701 
25 3855 5875 212 9657 8445 1152 2505 979 3799 2417 6406 1513 4915 5568 2150 3823 1036 721 6310 9794 8716 5178 7563 4479 8847 
24 1515 3311 3017 7567 7208 1676 5452 355 2042 2504 8621 2189 7708 9704 250 8170 6988 7431 9417 1112 7577 6576 6819 1558 
24 3371 7704 1804 4376 7438 115 5684 7900 9221 918 2109 2431 6543 3336 1457 6554 6972 3932 2460 9296 4308 70 8898 2169 
26 1992 6123 3779 57 9681 7096 1862 7014 5302 2534 7462 3902 4919 3674 8473 8623 8600 3548 555 3950 5667 8089 5150 4568 9673 8850 
28 9325 6558 3403 267 9171 4709 40 9226 8871 2281 3846 9758 4979 2644 7653 8680 7345 5128 7240 3467 270 5781 7257 5750 9567 6955 6073 3589 
24 6198 3138 9633 761 85 444 6197 4722 9022 2139 242 4712 9293 6229 1174 6640 4814 9875 5972 2450 5011 4424 4897 1887 
23 9675 9452 7631 8768 9923 7643 4163 897 5635 7259 9428 2632 701 9423 6667 339 4239 7067 5185 6236 2851 8070 5173 
26 7928 6135 1489 1843 2245 5422 1181 9952 7271 8026 7594 490 7645 3893 7018 5558 9506 5479 3223 4991 5037 7744 5839 3238 8641 20 
23 6807 1593 9144 1684 225 4331 9028 7078 9908 1590 8593 1604 8676 1124 3713 8388 3118 6592 2136 8825 5591 9878 9915 
22 4435 9052 5377 2041 4764 6062 6757 3505 6722 2614 9225 473 1566 4152 3908 8914 9662 3552 6477 1064 3611 6260 
26 8640 1406 8370 6922 6739 2217 3513 8585 7727 7624 6375 1395 2955 5561 7071 8531 551 2569 6524 5961 9891 8183 637 8279 9048 3617 
24 3869 3257 2539 8637 2651 4555 3793 3133 1069 8659 5305 2345 2244 8359 3061 7212 2201 2069 3766 3015 1014 9215 3107 7783 
27 3253 739 2455 6220 8110 9165 6081 7207 1292 4453 7701 4136 7520 7388 7890 7247 653 5266 1675 3033 2446 9622 1202 4795 1514 6911 9573 
23 4307 2123 7249 7710 8937 8094 189 5394 6728 1468 4173 4468 6704 9211 7027 8756 4766 452 6448 9642 7565 9635 5606 
24 8329 2748 5017 656 3057 8030 9948 7576 1364 862 8481 7288 5733 3682 4333 2510 8124 9521 7349 3711 7951 1972 1306 3032 
19 474 5237 1995 3566 9127 9156 7516 9790 4473 5117 8129 8763 2876 4650 71 143 4022 2007 9430 
23 375 4537 6029 3398 6399 8800 2842 2057 4012 1753 4359 9548 7728 291 3937 6092 3175 3720 7427 7722 7834 3903 2208 
26 5868 109 206 9947 8059 2771 2240 4433 538 6452 7790 7285 4571 6079 591 9342 8287 9126 6194 2725 9692 4041 6070 6944 4040 3279 
28 222 5113 4815 9289 1902 3393 9388 2612 2835 8268 4688 5529 9727 3142 4262 8896 3526 8839 9468 6383 38 7338 2878 4180 2764 9210 7742 7533 
20 1040 6110 1527 5158 7901 3530 5782 9321 1781 7853 3707 9422 2816 8734 1766 4757 6817 5813 2609 2276 
21 3555 8055 502 6293 5437 9980 6848 9330 8872 8986 8495 3004 687 8206 9217 7955 1086 1641 9014 2200 4553 
25 1005 7553 8254 5719 986 4099 6491 9817 8598 8291 7781 3979 8247 7598 2282 3897 2027 3440 4797 725 4668 5024 6958 7017 5646 
22 5424 7230 6125 7380 1352 3839 9612 2393 6898 5794 6505 6829 1538 968 7168 6894 3166 6097 944 762 8308 1216 
20 5693 5743 1955 3616 6024 4744 3790 2607 2498 7394 7743 1926 3395 5696 8002 5736 3330 7859 2593 7146 
21 84 3651 6206 4830 7253 9742 8667 7654 8661 9152 7137 6226 9437 3153 6835 1122 8949 9648 2786 7311 5682 
20 9140 2899 482 596 9410 5557 4244 5188 7823 9247 3447 1286 9295 2428 8393 6183 8142 1969 2411 1510 
25 4894 7116 5920 8419 102 9647 2453 1282 9038 7750 274 6629 1982 4218 8565 7258 6577 8455 5145 5447 8223 5248 6093 6492 3664 
25 920 9137 6208 3191 4318 896 7118 3247 3305 7045 2104 6684 7879 7999 6264 3926 5331 9332 664 5871 258 2321 7138 2964 5841 
22 6706 7471 7638 8085 9419 8973 369 799 8624 112 8549 2204 2524 3943 3301 1520 4313 3162 1149 6207 9214 8740 
22 9799 1651 4863 8653 3993 4503 7812 1790 5301 5486 1772 1058 8583 8201 1268 6957 3302 1028 1213 6051 5865 5953 
26 7956 3148 1121 4228 7442 9710 3451 7907 5967 342 484 2935 279 6442 6142 139 3598 7128 1712 2258 3452 1173 7938 2843 432 998 
23 2559 9996 9874 7662 2984 1710 4224 8126 4044 6816 22 2190 1094 5739 7997 165 5555 4610 4418 5978 3335 4911 5859 
27 5717 6884 9806 5182 2982 2781 4256 3930 4113 5630 3967 8755 6122 7217 7461 7124 6347 4960 4222 1732 5762 5283 1899 5348 5446 5280 3346 
24 2695 9473 730 4666 7246 1250 9812 2885 1096 8963 5262 8616 4464 4621 3935 4765 5759 7511 7519 6941 3931 7719 3480 3021 
20 961 4511 4867 6749 4139 7256 9151 4046 8416 6253 3672 866 5976 5778 996 1769 4500 9489 4811 3586 
21 372 6747 8448 4613 2178 8595 2969 3314 3765 576 4092 3455 441 7396 9924 3728 2529 9773 8082 7436 4987 
23 7952 6740 6836 9341 9394 3657 2547 8843 1424 37 5243 3130 53 213 6490 9621 5997 351 8235 602 8282 6465 3043 
26 24 2512 9944 5054 5584 3102 949 1051 202 6888 2205 6833 7130 6763 9946 9961 4655 2127 7963 7878 2318 5922 6876 3224 5294 5631 
26 4090 2942 2711 1904 7337 9538 708 9101 6882 9623 9694 9934 4893 1822 4682 6043 9250 9175 798 1744 3189 3464 5617 2196 7496 1088 
24 9084 6150 3024 1503 5783 8951 81 1193 1598 9300 4125 2923 2947 2721 556 8668 9093 9032 5231 8706 2070 8411 3836 2308 
24 2869 8739 8157 8868 5495 6570 3904 6333 7806 754 4440 5600 3968 5597 505 3668 5275 1936 4616 8867 3898 1488 6789 5501 
25 8962 9985 4673 313 2797 5792 550 7384 7178 6926 1402 1714 7195 2936 4155 2158 3151 5378 3063 1366 1495 1060 6246 3093 1418 
23 2356 7889 4794 4050 3220 7785 8737 7679 8895 8692 4845 9237 801 9086 972 1707 9509 5531 9703 7297 5973 9545 8210 
25 4637 4437 8309 3966 4806 8037 3418 5260 281 350 9542 6874 5106 7973 9344 2778 2001 3423 8036 1848 3415 2886 598 82 6113 
24 4150 2436 9487 9190 5375 8909 8953 463 9322 3877 6513 9335 9181 7302 1237 4954 3019 191 6440 410 4968 4197 5923 4177 
25 3988 4959 9011 4405 3215 3434 1004 9303 6866 3115 6799 239 77 6025 855 198 743 9883 9535 2223 3322 7269 2697 1892 994 
26 6115 8323 332 417 376 6893 9809 2515 3466 4824 991 8304 6289 8697 347 3164 8315 6369 3037 3653 1158 9771 5460 3987 3400 3850 
23 5885 7104 3603 1777 6886 2613 8970 3646 5356 7822 3450 4675 5171 4647 3628 7063 9945 8805 4148 229 8891 1699 5029 
23 4379 8020 5554 6645 572 4371 3624 1188 698 8031 2237 5463 9695 3726 6992 4462 8837 3978 7611 5368 2583 3543 6016 
26 7399 4428 8786 9557 1046 6274 2107 7145 7987 9479 6982 6436 1953 4535 7583 3283 1265 9235 829 8349 6936 6217 6148 8226 1261 2117 
25 541 5744 1908 4101 6272 9539 4776 8664 3498 2804 4121 3776 997 9079 7699 9959 2820 9856 4534 8295 4010 2259 2157 5361 5273 
25 4143 864 2783 9314 8379 2368 7915 1466 2089 3661 1217 3078 5575 4461 850 4719 9932 5066 8180 3698 2877 317 2814 8123 7058 
21 7561 6877 9382 1949 46 7457 2315 9968 4533 90 8976 3234 5000 8946 9413 5594 9525 3964 4823 6364 9532 
29 4494 5358 9845 8133 5352 646 4636 9624 8225 3948 2400 3241 7351 9930 3244 8651 8318 6497 9261 5765 1099 3456 1380 746 6573 5718 5058 8770 4929 
21 568 8209 481 6021 4659 7276 6283 377 6319 594 7250 9969 4362 7295 3350 6275 4908 6598 6177 3718 5334 
23 8950 8376 6202 3915 241 3784 9962 7048 7872 4263 2959 9880 4963 8013 8720 2018 2727 8983 3486 5749 2277 2677 7937 
22 6228 6493 3866 665 9100 5962 249 4539 8775 732 4067 6798 1782 1409 3246 36 2798 3460 7202 9454 4695 1318 
23 1833 7357 6409 2442 169 6805 934 3691 4561 4701 7062 4878 8361 9748 2389 7517 903 4671 4465 7079 8260 679 263 
21 6541 5487 1655 4245 3169 649 8500 8743 9407 1073 7505 8115 2462 9488 571 7828 3020 6349 5760 1614 4158 
26 6961 8435 5285 7690 1647 1487 7762 4714 3811 612 6231 4805 2017 8842 5383 2489 1957 1091 5079 8132 2096 3349 6943 6664 5458 1646 
21 1664 2791 8346 1792 7759 3315 2330 3597 6181 613 2913 2047 4118 7023 7495 1808 4230 6998 6212 170 6063 
24 29 8586 4703 4587 8876 9731 8610 3496 3039 3222 7106 4874 9416 3805 2155 1258 8467 4458 5048 8861 7991 1454 590 3618 
26 55 9851 5626 8530 6639 7729 2156 280 3079 924 8074 8153 1535 7616 3590 5677 6646 1244 1070 33 792 3095 8371 7818 7459 136 
22 622 902 3108 152 2473 9505 6582 6839 5473 4964 6785 3832 5349 8221 8045 7306 2071 2488 9528 6782 818 4268 
24 9216 3951 4154 2639 529 3098 1620 118 408 1411 5093 4517 5611 2371 6841 4581 3695 4707 1517 73 2836 4554 7335 8535 
27 9523 8566 4836 7882 2362 6243 4787 6211 1420 8590 1516 6975 2996 4452 7753 1836 1971 3822 8639 9343 9036 4743 5131 1903 8602 1195 807 
27 9283 5990 3830 2338 5656 7477 5426 6178 6683 1980 282 6083 293 6923 4234 7675 1730 1205 2891 2392 9145 1279 8352 2103 9120 2172 2818 
19 4842 2006 565 3680 2033 5405 1297 1875 680 9337 6308 5877 3881 6037 2066 7450 5669 0 8941 
26 2576 8848 47 2261 6601 1613 2884 1912 8023 4515 670 740 4547 8325 7047 5336 1214 3187 446 6770 2307 5846 6685 3126 707 4592 
26 768 3196 3739 9751 2979 1101 3499 8691 4085 1800 2596 1277 5396 8317 983 2378 5574 3183 2855 8753 6700 6950 9486 2329 5408 1150 
24 4346 5393 2399 5351 3435 3952 1117 1392 9219 2945 9941 3808 2087 7072 8439 1906 4738 6145 2779 7523 1868 6323 3688 231 
22 1888 4648 7373 5107 127 6484 4907 8620 9784 8750 6552 2358 6801 9471 4131 4676 2435 8222 2211 9024 566 3857 
21 3149 6735 4920 9135 9364 2810 352 7167 9987 4204 6542 7016 5068 3736 7703 2615 8046 1698 4364 8265 1226 
21 734 400 6942 8681 881 3609 7573 6114 9358 3011 9080 2433 1611 1035 3581 8256 834 7836 8948 4311 8414 
24 4214 9974 9744 9620 1733 9561 454 4628 543 7529 6778 6995 3960 8852 5165 7185 2792 5634 2301 5224 7350 9025 9577 5253 
24 157 6924 7637 7683 6729 4605 6587 8645 2065 5256 6571 7483 1450 2719 5360 8003 7721 5993 3804 8985 2795 8230 4390 3749 
27 2986 5034 41 4250 753 8882 3439 9639 1612 4248 6146 9780 1827 7969 1183 4849 1916 988 6797 1404 7776 6796 7597 5895 4927 2238 1653 
24 297 5654 7557 506 531 990 2558 5998 7389 7689 4899 5587 4190 6020 8672 1851 5346 54 3280 8145 6445 4157 4185 2544 
21 1978 9191 3199 2600 2653 6374 2035 7080 7490 4543 5191 863 6298 8498 3519 8875 6688 3633 4735 1602 9770 
25 3103 945 435 7934 4639 3746 9516 865 9000 3963 4777 1988 8817 8068 34 8050 2493 3642 6929 3084 49 6368 2133 6433 9176 
25 2912 6752 4349 5779 6647 5679 8883 67 3316 9955 6891 5722 7974 2584 3582 1361 1648 3998 6330 1021 2594 4905 2656 9937 3289 
25 5341 8699 3066 8682 4862 1846 462 2192 4667 7502 2633 4698 2186 4039 4501 3639 5823 6010 652 3727 4399 7374 5388 3838 1293 
24 3281 9246 9631 4657 5291 2385 2924 9478 8830 5417 3212 1314 2413 738 5840 6935 407 1881 8144 1336 1935 2100 8884 7036 
25 5716 2026 326 4141 2105 6971 2072 2972 402 4358 614 7860 1072 3738 8436 6432 4386 2002 411 6895 7618 1148 1826 5046 1343 
24 6724 3208 5541 6474 9180 5837 8782 6925 9838 8540 126 1519 7646 3013 9966 3516 2987 1600 5209 3734 1288 3522 1456 3994 
22 957 5818 5307 2787 1631 843 9729 4802 3077 3221 243 5157 528 7738 5706 1616 6852 1478 5272 7219 6853 9334 
26 7119 9544 9353 7211 7041 4300 7629 5076 6751 8017 689 1720 3235 6707 5367 2500 9312 7031 651 4367 4161 7369 176 443 6585 8178 
21 445 5112 718 3453 7448 4327 8505 6681 9230 7560 2142 5738 1155 2918 5989 3357 3273 8908 1129 948 4320 
29 2020 3160 8588 8219 992 1886 8300 1391 1348 6437 7763 1320 8539 6539 1750 2757 9188 621 5261 8977 706 1608 8100 1133 197 8488 6158 1823 2508 
26 8395 2788 2782 3921 9182 3117 7456 9054 777 5041 4002 9150 800 3299 7782 1119 5103 2120 345 6489 8095 5964 8091 4883 7714 8957 
27 8406 9595 284 3036 9262 3669 9082 6391 9785 3137 7402 72 385 4521 5882 5035 5761 7304 3716 3240 5467 2564 5499 4723 2221 8690 3737 
22 2008 842 3462 5477 4615 6213 3165 584 7194 9671 4549 6823 217 3412 45 5038 9615 1144 1952 9290 5977 6650 
22 5598 9087 3875 7579 7534 711 7361 3231 2882 5072 1770 2351 114 954 5397 9415 7688 1379 8275 8838 8396 6350 
23 3471 3029 6711 3740 9579 4532 8218 1814 5512 6854 7405 6249 8354 1775 6586 4151 4504 7739 2094 7008 770 5449 8582 
23 7141 3384 3073 1430 39 2989 8134 9155 946 6612 6149 941 1370 787 9618 3725 9279 5338 5544 8487 3652 6481 1722 
27 3030 7451 1986 4029 2919 2640 9652 4209 1317 2844 4259 9470 3553 5195 9730 2708 7420 4837 750 3179 5251 623 7073 9747 2073 910 6919 
22 8840 9412 2537 4953 7043 1768 4236 7414 3285 2526 2580 9366 4280 1670 5505 5030 5081 4967 8380 9909 5508 5538 
25 585 5359 7580 2825 7535 8869 9526 8603 4937 1071 5249 2231 7177 7551 5796 2688 1856 3634 9907 7244 8685 2098 3327 1865 4716 
25 8102 8104 8816 9457 9897 7984 6379 5725 7647 6730 1783 6733 2148 3920 5906 5930 1249 7625 9502 1788 9668 3080 2152 6931 8350 
26 268 5572 4761 1252 7386 8652 7275 819 8705 9988 1796 9091 7802 7272 4334 2149 3132 7780 2363 3243 9942 2830 9493 8385 2773 6467 
24 4495 1689 4207 2577 4913 3623 2648 1748 2931 6116 8969 1469 8526 9518 1829 4178 9206 2503 3872 1938 7863 7424 3347 8618 
21 1353 271 6420 7277 161 7239 2693 4272 4388 2414 1026 5136 1405 4342 7200 548 8683 4918 8232 3712 2203 
26 5406 5500 6360 1693 6380 2377 2270 8533 4892 133 5314 433 467 5080 7706 7868 5826 8408 6723 1759 6606 6334 5395 9646 587 8113 
26 8342 7082 6012 378 1331 7216 3974 8952 8819 366 5139 260 9212 7418 963 4936 8394 7827 6673 4199 7603 901 2210 8043 5376 4243 
24 7640 8774 9628 4297 8188 5087 3421 6596 8741 6366 2175 3266 2068 682 4289 2980 8522 3659 588 4934 1077 5825 757 224 
21 1528 328 9045 3594 5815 5844 7817 9208 4654 4060 5292 5810 9092 6314 2471 7767 8762 2908 3172 9589 4432 
24 583 5006 4482 5627 4749 2802 175 485 2246 6696 8108 9183 4454 3873 8584 1711 8828 8744 7774 4095 9294 9147 6365 2724 
23 2941 9685 5516 9071 5628 1081 9222 8373 7262 1130 5862 1289 6215 160 3834 1032 5774 1039 5450 7959 1683 2961 6518 
24 8204 4233 2036 3051 9158 1700 8987 3432 683 1834 1905 1340 7099 7377 3074 2763 8497 628 9898 204 9656 3405 796 2509 
26 4948 4200 6316 6446 660 4792 1943 4498 6562 3501 1499 3686 3982 9688 7571 2466 393 5177 8635 6011 308 3576 4901 9993 2618 2659 
21 1735 7319 601 6034 1346 5008 5959 3474 4330 9026 1551 5687 8297 7332 3733 7307 1658 4886 7112 8424 9517 
24 5304 1625 7102 9702 6009 1325 847 2796 6713 4009 122 1882 6811 154 5980 3431 5940 5609 5791 7283 2458 6788 6470 8122 
23 3025 8426 448 5187 8116 4384 4552 3843 1104 1981 3269 6953 2990 1253 3178 8845 504 7390 911 8090 5545 2926 1139 
25 741 8449 1200 3058 2799 7019 9655 4775 7366 6036 5073 4692 9384 4369 7605 2354 4945 5194 9365 7756 4928 1645 9123 811 2983 
24 9979 8021 7666 4409 8671 1864 6248 7222 8627 4043 8264 288 6299 7887 4425 4576 3800 9580 9005 8238 2252 7165 5758 2664 
22 8559 8073 8915 5662 6280 3531 9632 9611 5372 2601 2375 1308 7007 1682 723 8162 5740 5776 8114 1180 5476 4750 
26 3743 2520 4153 5511 92 6132 7697 2023 890 4821 9778 1337 2213 3016 8061 8889 7294 4708 2811 1542 1662 2161 667 56 7899 4891 
22 5381 2928 5699 2464 9035 3675 6677 3750 561 3139 7944 6776 2254 6636 7930 6531 6520 5407 296 3571 4018 3812 
19 9581 1090 5887 507 1565 1595 2921 7267 7630 686 3389 9699 1103 784 5935 3957 2610 3679 2273 
24 3693 315 135 7686 5287 9900 7604 193 7726 5040 7164 7237 887 4626 8810 3955 2222 6303 3889 1219 5618 2940 5900 3985 
25 8520 166 3050 2952 9564 9070 8014 6838 893 3436 3714 517 9239 6478 5186 2257 1397 7144 4298 4508 1726 4729 8 3229 976 
23 3457 7927 3083 1222 8523 1475 1433 8345 2762 2398 1945 8048 3171 4999 2723 9008 4860 5207 4813 1234 316 2138 6191 
24 8728 9306 4686 9002 645 4344 2388 230 7898 5442 1031 8993 5482 4423 6572 604 237 8751 4774 2993 4741 3858 4338 2813 
26 4687 9768 168 4396 3194 2209 1257 8864 7120 2309 5999 9490 232 4430 5925 6219 9605 3344 4254 8472 2088 2339 648 8080 7235 7825 
27 3564 7117 419 2635 1587 9481 3896 6393 6883 6290 7220 5259 7538 4237 3300 2552 1828 8930 226 3852 1506 6341 6872 8834 2474 535 1207 
24 580 1030 9104 4914 5366 6630 8244 7610 386 214 8381 2494 851 8927 2038 6506 9041 3911 9808 8386 341 5596 5312 6795 
23 6649 5856 4299 4115 7663 7633 7569 2760 3925 4443 5233 1976 2522 6225 1765 3206 4596 5773 2013 1350 8735 1573 6127 
24 61 3572 7574 5303 348 4696 5160 1896 6885 2645 5379 3052 1525 7976 334 917 2022 5671 1878 7268 131 6959 2300 4292 
24 5161 6168 4107 3789 5409 7309 3621 365 8150 151 4770 4032 1057 9725 7921 1925 416 4751 5075 5399 2219 3641 2698 465 
22 4788 2957 3605 6825 7808 2702 2630 5658 4746 2348 7107 8280 6126 2459 9587 1703 7821 9689 6317 8879 7289 1304 
24 6456 4255 950 9527 8190 8485 1872 4496 2722 3416 1154 2016 8954 6532 5832 5542 9726 6394 6828 8501 756 3042 5230 1378 
22 8179 8574 1186 3370 8665 821 5219 4314 7205 6234 3009 8270 5271 3136 9245 7408 1374 5845 9781 9369 2019 4103 
25 6952 8548 5347 2250 7665 2543 2875 9859 6140 3556 9534 7788 5420 973 7121 4933 7607 3309 4922 1549 4269 8636 5047 392 7404 
31 489 1734 1223 4003 6652 3124 5803 7829 9482 9420 1810 6519 5143 728 8524 1629 2279 8887 9853 2988 9855 5078 167 8577 9854 4474 9555 9797 9637 3719 6288 
27 9207 8792 6413 8128 7636 1189 2095 833 8901 7341 3267 527 9278 4382 3237 8252 4001 2403 6837 4240 4721 7317 705 111 9552 2185 1751 
25 7877 2422 1997 7698 7245 1436 3901 8401 1960 2621 2051 9213 6042 7886 9943 3081 3810 7593 597 2067 7416 4257 7057 5714 6342 
26 7799 5698 4088 3433 380 9963 4677 3173 4711 4264 3470 5308 8656 8513 5852 471 205 6553 9414 4193 5644 4769 5581 8897 8044 4186 
21 8420 3104 2605 8831 4366 6962 1531 9659 6353 103 3763 3413 6325 4573 2469 9445 7705 8468 2821 4057 4725 
26 8675 1635 5507 172 7209 9846 4858 8296 6106 7525 5133 4290 4660 6714 5763 7591 868 9096 9285 7105 5321 7487 2822 7343 6322 5821 
20 6424 8892 5732 3420 552 3482 2556 2234 8534 6602 7635 2365 6860 5363 4427 8269 1849 3942 926 9569 
21 6160 8715 9705 1685 4485 5400 5465 9474 2715 4852 6590 2274 9386 4505 8202 6934 4380 2827 8391 2456 4133 
24 1866 9965 854 9209 6066 5632 1568 1946 6415 7326 6774 2396 333 9318 9170 3060 6671 6295 4402 14 488 2337 6750 5672 
25 3692 6164 2440 4602 751 9265 1644 8075 4866 1264 8551 9023 1283 3399 877 3483 6224 1623 603 6487 6535 6285 6019 2608 8185 
22 1993 6851 3490 330 871 969 8820 7305 4343 5583 8917 4265 1740 5175 1033 1049 6427 9750 9061 3665 9990 9536 
25 3239 7428 4720 9065 2745 4045 4397 9789 5306 714 8166 2299 6006 6337 7925 1950 6144 9066 7518 5206 562 3637 1966 424 464 
21 9901 3849 69 6356 422 6422 7150 2184 6641 5154 9462 8822 7725 1434 6949 3658 9178 5423 9986 6348 1805 
25 9411 6155 2518 9738 704 9132 715 5567 7680 4128 8009 155 1477 3383 9315 9310 6084 3835 7423 5685 900 3520 1084 6917 7161 
21 7911 9503 8536 2663 8176 97 7924 4916 7077 6444 7734 3397 6131 3820 8885 4972 788 7035 1576 9918 4120 
24 4882 7768 7000 8042 4021 2386 9133 8510 4072 1123 8431 1850 8010 1933 4572 5115 981 8066 7481 5412 6594 4295 8612 5944 
24 5902 2963 3632 1634 8642 252 7903 3509 4087 639 2437 4316 2768 9510 2873 6666 9895 9253 5121 314 107 7968 2227 8710 
17 1269 3976 5892 6538 6089 8998 3751 928 6803 1965 2555 8944 8065 5842 712 5296 1003 
22 7229 9282 7554 8995 2404 6359 3155 2397 5201 5582 4985 1236 4025 2646 7852 6626 5828 3056 3533 1141 9614 6458 
20 4066 8713 7085 4957 9537 7010 6902 5323 5534 4470 3752 4000 8077 5286 8633 7850 8507 6717 8137 5179 
27 6965 1100 1518 7787 9118 6618 7503 5709 6864 2694 9767 3796 5183 4097 1696 7238 4513 2387 8558 9551 6355 207 7869 8313 1052 7789 2163 
22 610 2293 9815 1 1324 9234 2809 2052 4340 8933 5052 8060 9389 2752 8172 4488 4183 148 3715 8580 4 5471 
24 7318 2426 6265 2570 5267 9466 8243 6426 387 3127 2713 6712 238 4789 1597 1749 6124 337 8032 2759 2703 1473 6241 5723 
20 2278 9495 4826 611 9068 105 4449 9229 3625 6773 9870 6758 2971 6660 2803 3312 8139 7228 2864 4145 
23 2429 2915 6473 4291 6809 3205 7187 1944 235 4843 8903 6137 1382 9828 4817 888 3363 9760 5932 5148 2287 8083 7460 
26 6633 1530 4246 3807 6967 2360 3648 599 6808 9240 4486 6861 495 964 6077 4762 3769 5418 7980 2625 1801 4519 9427 9484 1898 7731 
25 2774 1363 6563 1474 2355 4819 6910 2535 4997 7454 9447 7674 3144 9522 6661 8012 9857 5028 1161 1507 7676 4728 3046 906 7472 
21 9020 4084 3816 8187 7135 7113 1539 9508 5180 5911 2854 6556 1727 450 2162 6072 2194 1231 4977 2492 962 
26 9626 3459 5120 3047 6078 9177 8062 3394 1470 9998 5104 510 2834 1011 8286 9204 8465 4598 781 9040 4952 955 763 9782 840 2755 
24 9291 6875 2896 823 8228 5861 121 3044 5373 5694 4620 9244 7820 4974 7449 8709 4827 2575 6766 9921 4611 7751 7758 7441 
25 8509 6053 615 9042 9033 4119 1779 5700 3757 8688 7547 8906 3630 1654 2911 9352 848 4627 8053 9887 6621 2170 9095 3535 4846 
25 9187 3067 6128 3537 6346 1942 4031 6566 624 1534 537 2532 1493 4360 2350 2572 8537 6022 5549 9719 5949 7748 5057 2322 9472 
24 4586 1218 3972 5751 7777 1211 1299 1787 93 3494 859 42 3503 4822 7892 1483 2962 4129 6136 1813 9371 4641 1359 5370 
21 2327 3865 6718 1797 7732 9836 7830 5134 1041 6205 8281 1999 5448 344 4182 9398 5897 2734 7136 5705 8087 
22 4098 3461 8823 6966 4034 6279 2407 1368 7148 7090 4632 6813 2499 7736 6867 8899 5290 4896 221 702 4962 8057 
25 6694 6004 7243 8796 9138 1725 1429 6103 7949 7627 3699 6977 3448 8234 5807 6227 8733 8712 6653 5515 1617 4172 8959 4277 1134 
24 219 3334 3114 5228 6956 254 5941 1428 9593 6858 8841 539 2590 2672 3497 1440 5015 4422 6411 7617 8910 2806 2449 3120 
28 1815 530 8285 6305 8151 578 9370 9667 2829 5768 4219 5929 1818 9843 5789 1673 8417 4304 7199 2707 2574 7261 8657 3369 4731 635 758 3064 
23 3008 409 9795 2551 5713 9440 8288 7659 1741 8344 1932 9957 7175 5149 2232 2483 2929 5129 9759 9280 6914 5988 6613 
25 8271 8198 4733 1557 6643 4888 5764 8125 10 2740 5167 3391 1502 4831 7622 6937 9728 8678 3143 2550 8648 3780 4909 3514 8131 
23 5222 3601 989 6141 1355 560 2108 7724 163 6680 5364 9480 2364 1885 3684 6564 4142 2807 7290 8398 8508 685 6170 
21 6361 4935 7226 2181 8353 4356 1476 3874 6451 9302 9163 5357 8200 1615 8714 2902 8096 5688 1581 2457 8433 
22 9670 8462 7737 3583 7548 7344 1480 1271 2402 5317 7189 9153 2668 4146 413 5560 3922 7395 1425 1312 7881 5125 
22 8564 1697 9109 6969 3949 2275 2906 52 8511 9607 2561 4978 8779 1889 6086 9034 6611 4600 7484 6015 9650 5147 
25 113 8440 7323 2060 6133 6331 1752 9141 8064 3323 5552 6332 8362 9801 6791 5152 8794 8208 8267 7213 2114 3343 690 6595 5697 
21 6607 5535 8772 6648 7282 459 7143 4074 3340 6873 1229 5416 6691 1807 8358 6899 9338 16 8311 3890 8377 
21 6913 9401 5711 66 3062 4328 6999 8799 1688 2859 1042 1743 2785 703 8233 7056 9076 1636 3310 7906 8119 
24 3168 2975 9105 1729 2927 2661 4398 9077 8444 4921 6726 4569 9651 5793 2381 2889 9500 5927 7694 755 4753 5536 8939 8527 
25 2313 5710 5090 7174 6336 674 4969 9268 275 5278 2218 4518 7286 3748 9425 309 7752 7893 5118 1270 631 6449 9301 2502 2269 
25 1724 7585 6547 5428 6762 2867 4634 1203 4499 7935 7009 2116 7531 6948 8971 2419 2487 6516 4545 6300 101 9876 1909 8120 6870 
23 5402 6304 655 1460 8615 2187 294 4638 2766 65 4055 2153 7707 7328 8922 3158 8561 932 2165 1663 9277 327 7986 
25 2507 3092 9680 8155 5124 2290 2043 9106 8450 7566 5172 5958 9867 7914 184 2739 5530 9791 5528 4956 4931 5198 6080 5265 5174 
23 3667 6410 35 6398 292 9964 6850 8063 3 9460 1291 1136 4165 3000 8936 451 2146 324 2970 1669 3677 5637 710 
23 5343 4184 5212 6523 4986 2075 9992 8562 6619 216 6897 3841 125 7958 7012 4201 9865 620 8451 5065 4976 430 6152 
23 6900 277 6634 3502 6896 930 2477 9844 4282 395 8650 5785 6996 9148 9572 3091 625 5588 7478 6005 4697 5855 3110 
24 554 9627 3602 2470 9981 2128 7339 15 8547 6240 2850 8673 7397 6509 8643 1540 860 1954 8205 6057 4203 431 2090 3458 
25 5245 4112 290 9610 7730 1160 1716 6134 2636 1029 909 2956 2950 6859 525 4946 6256 2475 9590 8423 2925 4315 5551 4778 2463 
21 7088 513 8803 984 9645 4415 4773 1840 2729 7100 6318 6947 1056 4081 3427 123 7469 7669 1120 1633 5293 
23 7109 1421 4017 9833 4491 1532 2846 3845 3356 1075 7260 2903 5850 8392 3927 9356 8853 8240 9184 2113 8211 8517 7223 
26 8587 3176 9830 6425 4645 5088 1521 4800 3425 4221 8383 9292 1345 276 5274 2311 6802 6628 6328 9161 9372 7264 3184 7996 1962 9304 
24 9698 3396 3375 2999 3778 5298 7234 1692 9592 6201 3573 1870 4993 9863 7417 2263 7923 1333 4763 4303 1680 1191 6266 7467 
22 8698 7406 2305 895 5866 5603 4206 7221 1638 501 6974 6102 7385 6755 5109 8356 6109 2704 6107 1356 7001 3929 
20 6418 5295 3319 1215 2171 3905 2909 255 575 7588 28 8528 3320 3515 644 7083 2361 1408 2289 3724 
22 6780 7546 8146 3414 1294 2753 8631 9950 3278 3534 6940 6608 3650 5614 3806 4448 9745 3248 8707 3252 3185 9916 
27 6767 8207 3783 3818 6719 8542 6161 8109 8988 1747 278 1690 9233 7982 2010 63 8117 4975 9149 4037 3876 4589 4808 9792 749 3218 3643 
22 6044 3426 830 8529 2578 7693 1947 6642 3645 9583 7352 4512 253 4438 558 1153 7540 60 822 5485 778 6439 
21 4056 4421 2856 1910 8412 967 3211 793 1876 304 7615 361 6286 1990 6545 5707 7218 9585 5434 3656 3562 
20 2531 9559 2967 8367 9889 3532 883 5062 6085 9113 9547 803 1298 1919 6624 4670 5834 7946 1118 3887 
23 8758 3430 5433 9604 106 9837 9720 5329 5692 4033 2631 1357 914 5419 870 1816 4192 3297 6108 8174 4759 4332 9906 
28 3410 7975 3666 6048 5082 3770 8984 2565 4062 5289 8814 3574 4487 9709 7552 9442 1351 4684 7541 8215 2050 7181 236 6933 4570 6968 6405 8874 
27 5881 5771 7172 6101 7642 5310 3798 3859 1431 4582 9643 809 6565 4745 4004 2699 6632 7596 9125 4108 99 9432 7509 9960 7568 1472 4865 
24 1879 3833 7494 7811 3829 7542 7231 1396 6038 9739 7543 1167 478 2616 2800 5936 885 1437 9439 3274 1585 9669 1290 4013 
17 8086 6951 6498 415 867 2893 5155 5140 9193 4739 3374 2678 3303 7059 6614 6441 3619 
23 2828 5205 9562 2997 9429 7933 458 7501 8105 7757 3359 1262 9017 1505 8846 6050 7225 7658 9861 4126 9818 8098 3883 
22 8189 9320 1580 100 7856 4756 4584 7926 4851 2861 3856 8283 6906 6990 2542 4612 1556 2005 1184 9787 301 8490 
23 1794 3512 3840 4372 8695 1110 4895 2264 5519 4096 7132 7101 7556 745 2416 3177 5328 4284 5197 8152 4273 8674 2770 
25 6031 2031 7715 1979 880 5004 256 4970 1567 6734 4754 9786 2183 7550 5200 5918 6668 4466 5469 6496 7489 9 7151 8865 7601 
25 7849 3368 5566 9949 4930 691 9896 5878 9015 9110 5704 5166 8335 3481 5 6690 468 3100 4434 4083 2521 5731 8613 9560 2130 
21 394 5369 498 4658 2482 7555 6416 8366 3163 183 1446 2868 5795 426 6760 526 9984 5138 7281 6533 2845 
22 6269 4665 1386 1281 8761 3258 2206 9298 7266 9114 8748 4890 8532 5851 7280 3131 2968 4375 8321 1731 5159 7410 
24 6843 2657 497 1496 7263 74 4117 6443 6059 5992 9185 9902 7978 5607 27 7838 9323 5414 2650 5788 1490 31 4220 4047 
22 5027 2626 802 6392 6985 8118 7315 3228 1393 5527 8974 4312 9533 8199 2894 4603 5493 8913 7184 5652 5666 1300 
25 7709 4630 3565 2741 2044 7466 3694 6378 3595 7340 50 2712 2772 2872 1691 1484 5974 8942 9203 1665 6844 1301 5494 5547 4538 
26 7188 3821 1500 9872 9273 1738 9408 2122 1012 4651 2837 1050 3551 1974 6282 1894 4110 1577 1607 7485 5489 8572 2606 3781 7131 8147 
22 1332 9385 6352 3366 1746 6832 4767 816 6820 4368 4715 9755 6309 3109 4116 971 2726 2628 1403 3871 9146 7713 
24 4475 8224 98 1245 2706 4105 3986 8460 3392 2039 2084 6777 3353 5456 8496 878 7908 9308 1928 6417 9568 5003 4339 5891 
25 7064 8328 9575 3701 5853 8694 7805 6909 2366 2769 4457 8725 1065 1920 104 9653 3587 3087 4737 9603 8276 6291 9507 3559 9380 
19 8213 6450 4782 354 8938 8981 524 9157 5532 5908 6483 4122 2454 8568 7233 188 6881 5939 9326 
23 8787 2690 1601 8854 2394 3203 3909 76 3328 5464 6262 7046 2093 4478 6091 6787 1811 1571 804 9154 2326 4446 3478 
21 3697 5282 4020 8236 3181 8028 7149 11 9722 3159 6504 8015 813 2858 9094 8894 6701 5322 3113 7985 4160 
23 4536 608 3717 7922 853 374 9566 1820 7920 1774 8916 6488 5016 3828 227 4732 3018 2342 2379 4061 4054 6569 4127 
19 6656 9255 9613 5690 5279 7103 8229 2229 1756 4992 5320 4801 331 4252 7895 1659 2747 7784 8397 
22 7293 9267 935 7152 3940 1455 3754 2040 8918 5042 2506 2978 3939 7723 3844 9598 8340 1706 3041 7896 9736 7795 
22 1227 3786 1873 5799 9684 1937 5021 4014 6857 5801 9571 7403 4258 3599 5111 9991 7367 5127 5831 6991 6521 4319 
23 2324 6536 9450 9678 1443 6121 6905 6389 6312 5032 8931 500 7486 4102 9122 4889 931 9903 4287 4556 1837 5653 737 
25 5971 1869 9804 6814 64 9027 6930 9687 4669 618 4489 8601 8873 5805 2687 1321 2255 7038 4864 429 6435 9596 9383 2516 4803 
22 6662 1267 782 5069 4958 5193 5770 1584 3761 2479 2359 4144 4051 5820 6071 9715 1280 1419 3422 7831 1137 3313 
23 1447 8040 9018 3468 244 5514 2907 5039 8212 4988 5313 2793 8525 2655 4023 3023 764 9391 9660 7310 4286 3892 8217 
23 3333 9543 9757 1977 2304 553 2174 4211 6769 6622 9821 6560 2617 7695 7841 915 5264 1482 4324 1295 5798 5854 4348 
21 9913 5954 300 2045 3895 7614 2933 6830 8197 4681 3076 3365 2029 7 2083 4412 4700 1147 828 1254 4124 
24 2296 3991 2167 4544 159 1412 138 7894 9513 5083 1761 5002 4565 1224 9762 7254 2328 4169 3348 2624 9840 2421 8106 7115 
21 9733 1177 2333 4171 643 9073 6915 6157 3959 6105 3489 6790 220 2496 75 7639 9271 289 2491 18 9131 
25 6529 3947 9254 3112 3338 8996 8815 5872 9224 5548 9348 1463 3577 1423 3563 2647 6599 7348 299 3995 2905 7814 9499 1939 6997 
22 1883 9012 119 4205 9062 8407 3782 3295 5092 6692 5734 1329 2674 570 4783 6732 9905 7324 440 1074 9259 6210 
25 7455 442 6058 1835 2160 5847 516 8928 3075 8136 9351 78 1786 8347 6001 5633 9982 7858 1080 9599 9540 540 9850 2922 5225 
24 6794 1276 7884 3802 3524 6344 7508 2557 4378 6423 2478 4614 3916 6175 6812 3214 1156 8655 7055 9309 4510 4691 9717 8163 
23 7711 457 210 3663 1453 2314 5550 7488 8807 5353 6578 4898 6030 96 5339 2801 5365 6468 5459 4408 7183 1579 675 
20 9820 4507 1628 4481 494 7301 7370 7609 3292 261 600 1763 3996 1708 3040 5836 4134 3741 3408 8301 
24 3049 150 6818 6638 2665 5809 5481 194 7125 8076 6174 1373 3401 9807 5873 1157 323 2131 3128 1043 7026 4531 7356 9796 
19 2015 7097 4247 4939 1897 774 257 7966 7322 2303 6918 2750 5745 5657 9746 5431 8404 4069 2658 
25 7140 248 8614 2180 2857 2395 1643 9441 1448 695 7807 4351 8314 8081 1890 7060 8604 5223 1127 7696 2985 8858 6118 805 9476 
26 8878 8274 3970 1062 8413 3710 9056 9270 2325 6414 1901 7839 5966 420 5483 9059 2484 9529 5691 246 8454 4226 8216 5342 8374 4374 
20 7186 2118 6984 8421 5622 1660 5569 959 6743 9444 1854 9021 6370 9893 7139 5461 8919 5811 8606 557 
24 3655 9286 8034 2696 826 9641 8638 3271 6064 7507 8049 149 8512 9933 132 9173 5229 140 1825 7905 1497 6461 3928 8870 
21 2944 6296 9179 6989 7513 6041 3308 1591 434 2634 9162 1606 4579 5905 2549 9197 5814 2251 7813 7391 8319 
24 4877 7255 8093 1845 2076 7445 5915 4302 7857 2037 5385 3635 3376 9009 5215 5546 5843 8818 6065 4516 4242 2847 9700 1569 
20 3546 4502 977 6244 6172 8798 6104 8935 3406 8471 3337 7030 373 5797 5432 4463 58 5239 9387 1652 
21 2589 2904 6503 633 3759 8164 4159 4550 5026 9541 3508 760 4030 3472 7559 4542 1728 4785 2880 5318 5571 
21 9046 6255 1491 617 6597 1259 938 936 4825 356 3484 4925 6397 5297 9098 68 3683 7681 4530 3028 5244 
23 3245 9869 9951 9497 9458 7081 544 9584 4772 134 7582 4694 9594 6320 1107 4253 960 8608 2391 3250 4162 6384 7182 
24 19 4661 1550 982 2585 5576 4347 716 7998 5559 6047 8591 6540 17 9431 503 681 1574 8769 51 1481 9608 2032 3969 
21 7810 5214 640 5263 9381 8687 3997 1389 7865 4768 916 201 5963 1596 4771 9756 7992 2870 1713 8622 1019 
21 6654 4848 3842 475 2434 7941 5033 6179 5386 8911 8516 836 3438 5401 5648 4609 9841 7452 3388 3863 9374 
20 1414 6003 6438 8785 353 4147 8550 2154 5730 547 875 3878 6588 2124 7835 6725 3945 1961 6603 9329 
18 8783 428 3022 1079 709 3981 4924 8926 4357 7650 5625 7875 4191 4306 7426 5589 1536 9999 
22 8029 1564 4137 9617 8860 9822 4068 8767 2994 6679 2447 7961 9050 8443 8859 1877 1334 7214 9775 8429 9938 3286 
20 3527 2649 9164 7682 3261 6156 929 1199 3847 1471 2062 6945 6431 7815 9404 8056 5580 3762 9765 9970 
23 6502 825 1755 671 8597 2667 8058 1417 6120 7006 7672 7904 6697 3917 5802 2826 5276 4413 9956 7950 9168 4779 3975 
23 9166 8902 8856 2207 9858 4699 5221 1871 3339 2268 6459 3660 1941 4336 8757 5153 6100 747 7833 4005 9764 325 3259 
23 6189 8351 4028 7692 9159 8686 6218 9379 2332 4365 6604 3511 4850 7333 5114 7979 7053 9814 9690 2914 7409 9721 7700 
24 2603 4080 3795 6705 1182 4617 4828 5105 2513 2319 8492 4429 1918 5098 5110 7470 1462 2588 5822 2310 8384 3965 5790 2055 
25 4873 3105 7382 2852 6013 2525 7474 8148 5670 6920 6184 806 7265 8294 1621 5680 1238 5912 7074 480 6702 3971 7154 3500 3723 
21 6139 839 1201 9202 1511 2260 3146 4832 1736 5384 6738 3332 4373 8634 8255 6508 6889 4998 6715 9004 391 
24 8489 3510 3585 4704 2126 6188 1589 5462 3592 3449 5102 2344 370 5655 2236 1092 192 2638 4599 1991 7163 9977 759 8700 
