29 6428 2711 1247 4481 9052 462 5051 3783 8022 4193 363 753 2948 8752 673 475 7515 7206 5651 8947 4206 7182 963 5728 1981 2959 7174 3808 2107 
30 45 7760 6319 9075 6474 3 5654 3033 209 841 4864 718 7983 2416 2500 1392 3662 2111 2488 9701 913 6913 1982 6560 197 652 9347 1672 362 9212 
31 9475 7313 6154 3051 3201 6351 6322 2375 2745 9990 7401 3743 4869 55 680 7012 3470 6302 5957 646 5335 1569 4024 7658 8045 3208 9863 8011 3305 9192 6091 
28 6198 8404 3911 4909 3331 4001 6519 4387 902 5100 3228 1709 3147 909 5072 5095 8764 255 6938 2974 8600 366 6702 442 8708 6798 4962 7907 
29 8103 3877 1062 3640 2506 9752 1760 2770 8256 7045 7415 8573 2826 855 8436 693 4934 263 8866 4604 9171 9834 8428 9450 3098 9912 3226 4585 3436 
29 6599 4049 3693 2693 5109 3164 4304 466 3430 6572 5238 8943 4456 5306 2800 2741 2708 5493 9266 6589 4216 757 8388 4721 5261 205 951 6038 2367 
29 156 1788 8983 6970 1554 7249 4183 9235 5302 2624 7942 6862 1371 2354 5379 9673 14 8837 8420 3263 3900 1814 9879 6799 978 9143 9164 8583 5644 
30 6440 8644 1468 3501 9606 6563 2912 9803 2238 689 7784 2011 6145 5847 3759 7363 7779 2695 6494 7943 6064 7669 3309 2025 2491 7542 4384 5736 5681 3399 
30 1566 2146 4989 7183 2769 5658 5307 91 2409 4457 3908 3484 8437 4132 918 5727 2475 5248 5816 4023 9009 6107 7092 1297 2063 5196 4913 6371 6179 1199 
29 8450 5673 6600 8356 5566 6278 7607 6643 3520 8993 9973 4153 5018 9233 3944 9588 9507 3113 5150 2662 3029 1902 9603 3996 218 1798 1464 4714 9255 
29 6261 8579 1364 5529 3735 6995 949 5580 6274 204 5070 7122 2397 9365 2082 3108 8373 1088 3885 8198 3475 9298 6254 9813 651 480 4237 2532 7049 
30 4467 1187 4878 563 6925 8074 5542 8320 7541 5146 5023 5951 6813 9278 2413 6426 5758 6850 8684 7783 9269 707 2476 2392 1930 4877 8830 6442 4707 9770 
29 2822 4469 2241 7638 7890 5416 3703 6128 6971 8004 4292 38 2020 7300 8807 7924 2466 1495 9509 2598 8656 890 7452 3995 2618 6901 8374 9109 4916 
29 5876 3562 811 665 8950 8714 5525 173 8911 1839 8309 9815 7188 781 5427 9177 6282 4051 4596 3162 6035 6605 885 5085 8788 8018 9474 3956 1099 
29 9151 5524 8568 89 850 9428 53 3669 888 2001 5222 868 8552 832 6757 1894 5479 7129 3222 8703 2816 1041 1183 5009 2627 8305 1150 5227 7207 
29 9738 1938 7793 4067 5855 4165 147 7441 2917 3865 413 3825 6585 8938 2817 2151 3073 4406 5131 2208 4731 8806 6840 9348 8777 7386 2911 2925 1235 
28 1134 2381 9584 7060 1429 4628 971 4478 3724 5879 6609 8562 8956 4074 4157 3657 6204 3432 8199 1116 1357 3626 8323 5294 5747 368 2530 85 
28 2234 5703 328 6871 291 5066 7016 7988 9675 4247 9093 1158 9051 2833 5820 6743 4737 613 1471 9432 1775 4849 5217 814 5275 3057 1875 3529 
29 1959 1660 626 544 3866 3455 6746 5863 6874 8700 1082 4544 8558 9081 3446 9595 449 381 8082 2596 5676 8676 7687 2340 3943 7478 9388 4063 5255 
29 9670 3265 3551 8297 3763 338 397 8285 6419 7869 4559 3330 5169 7247 3568 245 6350 7834 2929 4357 4429 1251 9259 6661 6431 7463 9774 8062 2719 
28 8033 8561 6597 5886 4006 9033 4082 3114 2574 4562 5297 7423 7429 6721 5716 2287 3971 6487 1087 3140 139 7895 1869 2990 2571 1801 6974 9700 
29 835 8546 7222 6765 6032 9484 9147 5353 9725 6740 168 1329 6948 6182 6398 5409 2697 3325 8537 1164 7255 8101 9623 7287 3946 6153 2441 824 5392 
29 1179 2414 1060 271 9559 9816 8421 3573 6215 789 6263 872 7404 7025 7953 5268 5037 762 7314 4846 1384 1859 2079 485 6709 5586 8070 6680 5486 
28 2995 3384 7720 6046 7351 3744 6485 7891 6212 9338 1269 1861 4284 4930 4918 6448 8975 4541 3773 853 5902 4463 7048 8043 6972 5317 5779 9154 
30 7678 1204 8227 9930 2578 9708 2710 8920 5084 2722 8894 1557 403 7884 7557 234 5594 5755 1213 2259 1510 1987 3823 8179 9924 9705 1446 3218 7315 6906 
29 3039 8039 846 3579 1499 5460 6016 6007 1944 7142 3320 7036 5811 7701 1249 8355 8529 8196 7975 3142 6568 7034 267 1017 2667 9542 4827 3826 2661 
29 187 8085 7216 7394 6150 3412 5478 320 9461 550 373 3298 1618 2811 947 3437 8614 9776 5841 807 5979 5544 7905 6751 859 6159 1727 9410 582 
29 9053 3198 7096 3260 1745 3716 7361 975 9954 135 3280 2643 5579 6253 7493 7172 618 7210 8444 9711 8664 9210 9101 4850 1305 8658 8928 5284 4331 
29 5266 750 9366 502 4442 7482 7572 5916 1149 2843 5508 3603 5488 109 2428 2032 4549 1848 1450 9985 944 6536 8427 3066 3527 192 7900 7921 5988 
30 2717 9594 8835 1192 2252 9790 7721 1547 9622 5911 8238 9375 4028 4658 7860 6772 1054 1272 887 8571 6604 5094 7686 1232 7490 6339 6181 937 4956 697 
28 7849 3581 5846 3385 9073 1025 5671 2771 1836 1118 3379 7525 4376 6508 6483 4839 5199 842 8138 7160 7303 7301 2884 121 7090 6404 9860 1154 
29 2734 6956 5503 1818 9175 8162 2167 690 2310 1310 9919 9593 741 2033 8066 559 4488 4656 8034 9922 776 2455 3133 2437 640 9285 7951 9645 6865 
29 2603 3968 523 9236 8906 1462 899 4566 7316 5700 5035 6252 2148 8509 7276 5943 183 716 4389 8674 6383 3270 6801 9201 9025 5809 3138 4235 411 
28 2150 9960 5492 6864 2430 5949 8417 3858 6559 576 7257 8413 7312 4011 7044 1383 803 7848 1426 6529 6642 2503 8510 892 8244 8585 1946 4347 
29 2921 2563 2332 3921 1597 7436 6731 7866 7317 7038 8628 5327 1128 9694 1662 1535 4033 4321 4056 8403 3809 7311 3022 3084 4490 6503 6397 7850 7936 
29 9058 5160 1040 9522 3268 1562 3731 1340 2470 4900 59 8159 7056 6176 7882 5827 7912 2792 9676 3967 1234 1514 351 5665 8994 9613 3467 518 7492 
30 6430 6330 8447 8027 3172 2664 1276 7538 1932 8528 8477 3110 1630 5905 603 8601 7018 635 7999 1216 5605 5563 7085 8157 5380 9878 5110 3168 7926 8096 
29 1434 8698 9992 6635 4710 9258 4858 2242 3780 6296 8131 2986 8855 2724 3220 1052 1606 4059 285 3973 4854 9684 7892 7754 5615 7152 3668 3868 2406 
29 7318 9054 552 2228 9454 6255 6341 7840 9808 8493 7037 9247 7560 3136 1029 270 5924 1156 4868 9294 9137 5364 5011 3424 1682 2706 2059 2901 9958 
29 3448 2830 6578 5113 5534 8471 1133 8609 2433 1326 472 9110 123 3629 5833 1830 4113 6884 5340 8868 3217 4022 6592 1731 4884 9476 8501 966 9837 
30 2870 2163 8152 5476 5349 5400 4636 1229 4116 4589 9885 8877 5501 2923 8482 4748 5104 6530 1858 2754 5061 2543 8557 3627 7228 20 5276 1323 3829 8670 
29 2368 5030 6729 6463 5171 1515 3537 4231 1411 6230 4095 8245 5249 4425 4617 9547 8860 7437 1523 535 154 7113 2443 661 8032 6002 1655 8548 2155 
29 2635 8372 5041 6699 434 593 9242 2748 8251 5975 3166 4657 5766 4511 157 6540 6991 5001 1741 4879 5271 3523 2655 9181 4297 7166 3101 2668 5208 
28 2922 4107 5934 4279 8936 4192 1412 6309 9781 4158 1104 4882 865 7682 8796 9757 1013 6476 8496 3768 7391 9167 4150 9353 6041 3474 7978 4659 
29 5371 2648 5241 4660 6756 4716 9489 5125 435 6750 1427 8617 2178 5162 6484 6502 6451 7622 9998 6789 562 7913 2117 8811 4584 7810 5780 5361 5065 
28 5959 3756 8125 2916 8833 8615 1042 6686 9853 4031 5547 3055 7941 6684 5606 7053 9040 3602 7225 5087 725 4810 7967 7618 6932 24 6810 4275 
28 2584 6021 9117 487 3295 5102 4323 4358 4385 111 5429 84 2276 7005 9552 7126 8401 7181 326 342 2361 3200 4036 6631 3661 47 7997 8631 
29 2758 7613 8432 6482 2195 1631 2106 250 4758 2183 9771 8047 8899 6809 7588 8787 9483 7236 3378 5616 1159 4772 9377 7734 9759 5559 4058 7399 6065 
29 6056 5233 3533 6623 9130 8237 3049 164 7561 4521 6690 3986 9057 5691 4420 1706 9823 5539 4070 483 3428 6067 3739 7512 7595 8712 1615 4866 2783 
29 5254 6227 9417 288 9612 1257 704 8620 1882 2132 5749 4443 1747 954 9185 4120 3102 9659 8804 9920 5469 3206 1372 8576 8306 4291 1369 5178 3006 
29 3183 4830 314 5942 1964 8549 4093 1245 6470 2788 9363 4019 4689 9280 6044 5732 9197 2945 7879 3372 2750 8071 4210 1374 1279 8165 287 8132 3876 
30 6975 9561 553 2205 4219 294 813 9272 7748 1219 8652 9857 2184 2121 125 1171 2187 8210 2660 2344 9746 4234 7594 4012 1454 4381 4947 9731 9643 3595 
29 9822 4759 1348 1014 3126 5448 4495 184 7927 1120 8466 8889 6849 1262 5330 9421 633 8158 3056 6020 8021 8359 5765 2250 1266 2385 3970 2267 6491 
29 4891 9814 766 34 6509 931 6794 4795 5303 200 9203 360 7400 1003 1870 4551 8990 6306 6288 7262 6333 1513 520 7486 2257 1937 8487 836 3642 
29 9191 5955 182 6003 9123 3411 3667 1222 6547 8476 4204 5279 6098 6429 2165 8621 5378 4610 1336 9085 1992 9775 5025 7128 8567 1634 3349 126 7796 
28 2139 5130 5973 6475 7161 9974 7259 1009 380 9436 7409 7939 322 799 6399 669 407 3884 7133 279 3933 2438 5589 6797 5725 7214 9866 2791 
29 3636 1833 6610 1860 3612 5724 610 134 6312 290 7473 3515 5890 1929 4371 5540 6223 4482 355 5853 6219 5004 9176 8556 3369 9001 2306 1268 7722 
29 8725 9194 9591 598 6516 4355 2258 4950 3715 6256 5096 140 8345 9217 6742 4727 7500 4706 2473 7506 3966 6066 3374 7644 6506 9113 8298 5007 7264 
29 2446 1817 3128 9251 3582 6444 8526 7878 926 2415 7484 1799 5290 4583 7702 7184 2224 7365 8495 1201 2733 8923 7933 8393 6251 8981 3083 9555 8696 
29 3353 724 6931 8400 4607 3380 1095 7777 141 3785 8013 4564 9809 9434 2759 5114 9214 4244 5385 2272 104 5961 4569 5575 4360 1393 7029 6542 3071 
28 389 1415 416 1100 8820 9165 6427 499 8541 6472 7352 3982 237 1046 6450 9050 9140 4609 8379 8086 6880 9013 6981 889 9679 2516 3403 7540 
29 5482 625 1768 9732 3844 2768 1677 4969 243 5821 1872 6705 9092 1144 3806 7310 7564 8029 4305 9783 3736 2317 8838 6076 5936 172 1891 869 3818 
28 3187 2517 3258 5237 4386 4677 930 8488 685 2071 83 9664 5497 1829 639 1221 3740 4035 8331 6558 4932 506 1527 4105 6660 5678 1136 9163 
29 4611 957 3833 4099 8540 8765 1165 9599 3984 1304 3144 7767 5694 1459 1418 1353 7200 955 2492 7961 9521 6831 9146 6899 2046 616 448 6269 1793 
29 8172 8607 7569 2512 2614 5423 8293 760 9059 6523 3078 3431 4212 6187 382 4414 8498 3571 5415 6528 3282 5656 8014 752 8203 196 2008 5717 9204 
28 3060 1595 4944 1520 779 5144 6622 4356 2039 6708 21 1754 5661 3695 643 8882 1876 2309 6939 6691 8704 4968 9433 7583 6745 7968 5513 3048 
28 820 5645 3878 9227 2570 1907 1740 2129 5556 3185 5028 9545 8769 8332 9381 4230 4970 299 5038 7963 6984 5145 4624 2197 1333 8195 1473 4771 
28 8598 377 1805 429 2051 4393 7375 6369 4545 8025 9173 9821 8989 5993 1667 938 4106 3419 8608 6987 5089 5243 113 2095 2514 7553 7593 8114 
30 719 8184 6796 4870 1398 3283 4903 2591 8263 8638 8944 2100 4582 5118 1188 7265 4434 8217 905 2639 7051 155 9472 5981 3112 730 6008 1607 2952 2451 
29 3190 7229 4794 4318 6374 5896 9825 3297 3195 3683 6069 7771 8604 412 3061 2237 5076 3805 2307 8303 6549 2486 137 9819 4927 6533 5948 1399 3504 
27 3883 5147 8934 1051 9751 6280 3335 6218 4306 2055 4383 1948 4161 7844 7124 2445 3125 1619 7372 5684 9318 4999 1594 2703 2119 4135 7348 
28 9392 3827 528 4937 7232 4587 4221 7356 1477 313 6893 6454 239 4713 1552 7378 649 478 6127 9028 9048 8485 4505 9865 7858 9003 5930 5638 
29 7138 9764 4754 477 2239 3851 1542 3604 5168 734 6856 636 6386 5048 2540 2326 4492 303 6417 8817 1284 5576 8326 7520 44 5398 3931 5365 8465 
29 4172 2156 9957 5917 5128 4144 4983 8410 6295 1759 1307 1435 9332 5869 9411 3753 5790 9596 3408 976 7797 3230 9496 9637 9524 2819 2904 2670 9404 
28 6933 804 4632 3643 9384 8884 6710 2313 3711 7304 8677 9871 7340 9736 2464 3343 8758 9174 8839 2127 4528 293 9948 3800 8068 2345 9349 3531 
30 6507 8502 2793 9506 2003 9772 3186 33 8646 2601 6715 3797 778 7989 8142 5426 6075 8226 1581 424 7550 2958 7140 5316 2638 7544 103 6960 1791 2507 
29 3016 2091 8657 5794 6275 684 8754 5850 1354 1132 7875 3191 2685 2014 7586 9666 494 3109 4812 5444 1696 7954 4209 9620 2269 9099 3697 2249 7162 
29 5832 482 5532 1670 2037 6556 8726 9184 8154 465 7336 5309 6018 6063 8761 3211 2658 6315 5123 875 4606 162 3613 6209 4746 731 9687 4897 1778 
29 2223 4260 4057 5031 8083 2147 7185 8239 2266 5838 4726 4844 1319 6388 178 8475 9810 6009 9534 5468 4142 786 5518 1841 1580 2308 6029 6240 3107 
29 8141 2996 2874 7335 6973 1260 9537 5157 5312 7671 7503 7531 6178 1744 585 611 6518 3046 7495 3000 6070 1989 695 7683 6490 7731 6633 5470 7010 
29 5260 3075 839 5938 1809 2085 738 6099 484 5769 5382 4293 5803 259 5265 7893 1456 6628 6058 4649 5620 7250 4848 9022 4196 6495 6883 1551 5453 
29 9106 7545 6245 7458 1080 1283 7605 8264 6163 1676 8215 3846 7157 4743 984 1840 4946 481 5572 4668 6194 4324 8188 5946 9148 3148 1313 9354 6422 
30 3117 9440 256 479 3953 4697 8281 5424 3192 2175 525 7466 911 8722 3393 1451 5505 9427 1584 7732 246 2932 1107 880 5996 7788 166 2349 2528 4131 
28 691 4574 4170 9755 5244 4314 7691 4089 4190 4483 2028 3631 3798 9367 5752 3301 4509 2229 5750 7959 9541 1018 4319 3842 573 321 2786 5033 
28 2849 1387 330 9891 2186 9097 9467 5875 4413 6666 5036 3453 6024 1892 8597 9119 4094 4261 9337 3178 6108 6420 732 2927 7106 5609 7806 4184 
28 2038 8299 3991 8431 9079 1644 3836 9238 4454 7597 7815 822 228 4986 5947 274 2727 8587 1291 864 3793 9449 2883 6324 7100 8484 7934 8964 
29 681 1143 4122 8566 9702 7485 9229 4487 6535 7835 7522 8294 8591 6665 1458 361 6376 3231 7285 3485 401 7145 3483 9886 1543 5491 2481 3555 9577 
29 5604 3288 5771 2715 3150 6348 3847 8572 8036 7105 1074 3494 2897 8686 3028 4477 3574 2181 2988 19 2172 9682 1586 632 7094 2105 7008 341 2388 
29 6096 816 6461 5881 1152 443 8375 4809 1549 8123 6210 4290 4428 189 1774 2251 3641 6877 5617 5778 7821 7904 1646 7897 8535 7791 4561 2556 5044 
29 6781 862 188 4769 60 8439 682 7751 1730 6675 8055 7000 3416 3771 2114 4258 4129 9717 100 4991 2676 988 8789 7602 6818 378 7764 946 8909 
30 6570 7855 8543 6416 2965 1016 2138 7028 1657 5343 9056 6707 2699 2589 1553 264 3605 386 440 8016 7098 7599 5449 6489 1479 8749 4346 4674 8167 8694 
28 6812 474 7448 1407 422 6718 4302 9439 2142 4432 1256 9654 9187 3807 2704 3674 3650 4738 608 46 8069 8079 9508 8955 2844 5926 9161 5561 
28 6130 4634 4701 1139 8261 5313 8381 1917 5401 5568 6800 7811 4147 4603 8338 5956 5627 5399 2164 7956 2035 5992 1669 5819 6136 1288 119 9802 
29 327 4581 3503 702 2736 6869 8991 8968 6764 987 9690 7082 8145 9769 9207 8550 3886 8519 6110 4372 3395 118 2162 2953 5391 1385 3279 8715 4576 
30 701 1377 5941 2263 5116 4084 7149 3741 2158 2207 7664 1349 7935 3127 2404 965 3389 7499 1351 7079 7041 4876 9715 6465 2302 787 439 4998 2213 7756 
29 1826 6791 3361 6231 7323 571 2053 4282 8581 5090 3989 5647 6814 3849 6457 3723 7385 5806 6443 4853 8930 9313 6858 1685 77 1015 6626 6480 63 
28 333 9696 4259 8919 3620 3757 4076 1784 8389 5704 8358 1002 6085 6192 2171 9877 3409 226 8107 3550 5321 8342 942 7342 7413 3653 3062 6596 
28 5634 1492 8073 667 1776 171 2301 6361 9327 615 3892 1988 5438 6544 9290 9264 3253 9896 9532 3597 6805 9569 2285 2214 2834 5507 9544 9982 
28 8854 7794 5583 4458 4455 7992 9831 9546 5390 5277 4062 3407 4430 4218 6433 6786 1225 9465 9016 3965 2240 4651 25 9633 5430 8270 7153 4329 
29 8980 7781 3534 144 9735 2401 35 9571 3037 9153 8602 7068 8665 3778 831 6624 7778 1161 2333 9083 8452 269 9374 2434 3239 9320 5774 7841 8392 
29 9581 8896 3681 40 8613 1985 1138 3079 3427 1602 4888 6918 7059 567 3812 2845 5971 9276 9426 3852 5179 9319 3307 459 149 6784 7804 9829 7471 
29 7674 1599 1196 1983 8282 6922 5499 4350 8235 1532 2068 6648 7838 6951 5027 367 4240 583 5186 4016 4269 4029 8456 7360 8779 621 6266 561 6017 
29 5835 90 7251 2 7867 706 9961 4734 1725 1519 7407 353 5137 9135 4943 4177 1616 2327 4143 7373 8580 728 5221 1277 2721 3041 7631 6650 2254 
29 1711 4922 6595 7020 5258 9721 9665 1735 1098 1980 7950 359 2606 5450 8124 4112 8497 4534 1480 7507 9493 1827 7799 8174 2211 4274 7371 6732 6479 
29 9145 2198 3630 8118 2479 9462 8727 117 4341 6824 4064 6976 3819 3199 5006 2527 1673 9551 7003 3337 1945 8474 876 1978 2203 9064 9094 9782 3517 
28 3425 7047 8971 3987 4926 4718 9121 107 4444 6268 3546 4515 2852 782 8348 1713 8707 4847 5931 9230 3617 5339 5155 7524 2537 501 4556 4364 
30 7833 1568 9635 2459 6284 2024 8012 9898 5253 8912 1688 3553 6581 3974 9996 9122 6861 3960 4860 761 8473 5933 7169 1900 5629 6356 6303 6157 4875 1445 
29 586 3832 8386 7636 3410 2036 5166 4394 1253 8483 5314 6238 7990 1483 6414 4139 5541 5464 524 8692 3787 4283 6273 6534 9788 9586 7965 3080 5723 
28 5455 9446 5136 2469 1600 8418 941 9395 793 2646 9526 1915 3360 2984 3801 2949 5394 5252 8156 5923 2605 3591 6583 6499 7518 4380 4502 4690 
28 9832 7642 9336 6168 4034 7980 6779 9583 9451 1301 9976 5124 3456 2632 3271 758 5880 5272 5636 7685 1703 3676 3586 4320 638 5161 4832 7775 
29 7320 1030 4568 747 7543 6876 2295 8328 4117 5502 3794 2808 1935 9464 1146 6365 9011 2663 9706 6777 9271 2461 114 6593 7477 4026 9615 8443 6405 
29 3440 929 2890 6928 4560 4005 8634 4472 9491 597 5793 2040 9216 2235 3609 5695 4525 4010 8973 9644 2880 6852 3498 3752 7711 12 3958 2215 7260 
28 1785 1752 5984 3618 2145 6912 7910 2337 7693 6233 5064 5000 7072 1352 2739 1488 5487 8119 5708 8524 5892 7389 8836 1576 6704 2616 3872 4978 
27 9351 6543 6959 460 9520 795 6299 2489 8627 2654 70 2857 4410 2551 1413 8200 2379 8643 5034 151 708 349 5158 8695 5650 3008 5240 
29 3660 5535 9460 3679 9416 7177 6304 5587 1777 925 1290 3548 4906 133 4813 6692 8295 4740 8900 4719 6894 5762 9605 5286 9170 2510 8792 3381 8753 
30 2772 7382 6214 8851 8733 82 515 5435 9762 1810 8988 9529 76 394 4925 7431 7681 101 755 1591 5194 3564 723 3257 6248 7991 6988 1638 8816 5107 
29 2440 8246 3972 4239 3811 1575 970 9394 1127 5425 1852 3058 9372 5600 1853 6904 4027 3068 923 4670 5623 3691 6548 7440 2559 3406 769 1522 5707 
29 6340 5801 7015 7648 1558 589 745 4745 1620 1360 2760 3454 2977 5122 1070 6607 3204 5389 6054 9088 668 2579 2545 3141 4688 9023 5374 4037 3082 
29 7782 3240 5049 8017 3322 5117 9549 4486 7489 5969 3774 4782 7377 7589 7623 7656 6594 7932 1910 5920 8059 9550 1857 4631 5805 9991 2850 4419 7414 
29 4182 280 7397 8120 9817 3347 7406 6286 3544 4396 995 7355 4667 345 5994 99 9794 7591 3880 967 1334 7293 5319 5686 2398 9535 5489 4605 7527 
28 7277 1539 8969 5895 2168 9678 5619 8463 6553 6344 7816 9704 5828 5664 8135 9617 9999 4654 3539 3600 8361 8531 828 3493 2567 2999 3957 9481 
29 8044 9157 457 2599 8234 6242 8865 1368 8518 1193 1680 9090 8832 4295 9279 9091 6438 8139 6387 2460 5929 9333 5932 2109 1287 1943 7938 4254 7887 
29 9141 2607 9441 9352 7575 919 8178 3326 5439 9442 6225 2647 4992 2576 2424 2872 193 9262 2453 774 8570 9086 699 7306 9713 2712 8743 5877 7688 
29 3155 7132 7984 4091 6983 8693 1093 541 1485 9854 5055 3315 8106 2019 1721 1517 6698 2653 4752 6827 122 2002 7567 8647 4905 6783 9452 3918 6804 
30 8078 4671 8166 2940 3367 2126 5052 8679 74 8728 3637 1889 9249 8278 3003 2549 6432 2568 536 7127 5047 945 1162 8104 6887 4798 7677 3161 6639 1508 
29 493 2766 3460 7191 229 3238 9955 9943 3100 8588 2931 4440 2124 1952 7298 6147 5643 5205 5246 5139 4554 5363 298 8940 3237 6929 1079 8412 233 
29 8858 4494 281 8003 432 8701 2359 6437 8349 4264 9420 4223 5347 249 3700 5842 131 4555 5393 8997 1296 959 3861 6602 455 9698 2041 2829 3570 
28 5588 4349 5528 7384 4050 215 1131 3281 7111 5763 6531 3507 1934 7532 844 9668 9297 6124 1058 4663 6031 1570 4907 6577 3663 7801 6952 5666 
28 1408 7175 5966 4327 7742 9096 3443 9745 1306 1610 5856 199 8144 2465 231 4332 2631 7829 3371 5078 658 5141 1318 894 6169 4518 3633 4977 
29 3873 2698 2330 1275 9120 5726 473 93 5053 5900 7614 521 3290 1972 5015 4351 4814 4780 307 1582 201 160 7600 441 1281 860 145 8240 900 
29 9601 3860 4543 1148 2141 1604 5188 7960 2525 3176 4684 8296 9906 4343 4368 5565 7630 9070 2271 2898 6019 3980 1328 4108 2691 5215 2807 7270 519 
28 3491 3782 4757 7219 1250 7723 7719 6446 4575 3388 9842 644 6612 8149 6175 5982 6807 2910 4595 9000 921 9972 1633 818 4973 587 8092 5273 
28 3216 7606 8492 1822 6073 5883 5079 9986 5802 2320 3277 2370 2818 7258 2077 7159 471 7141 549 28 469 2284 1538 4936 4619 6821 6142 9741 
28 2098 6257 1842 9459 5151 7715 6727 2136 4630 400 1226 5404 6368 9389 7491 9325 2216 912 2112 3296 9114 9608 4733 8343 5593 5859 3580 5690 
29 4904 4662 2554 3694 1737 1217 7239 9078 9267 893 3925 1206 2878 2645 9326 86 6079 9487 2402 2449 1463 4537 2784 6053 1626 9778 637 1503 2084 
29 7851 3210 9868 4802 780 1795 6452 883 8649 9314 8689 5412 5352 7288 3894 6048 999 834 6083 3916 7940 8748 9536 8084 8736 940 5970 283 6148 
29 7080 688 6879 26 4151 2144 3881 308 9362 1121 2955 452 8976 4215 729 7831 2757 2972 325 7350 260 3509 2421 8985 8823 6415 3092 6947 5410 
28 2600 4501 4765 2384 2747 7728 590 8577 3770 1545 4941 8335 2092 3034 2348 4146 3869 247 4133 1844 1438 4075 4362 4608 6532 6762 8151 9768 
28 3592 2086 910 5115 7650 9907 1203 1904 9415 2919 1986 9993 9222 6137 1771 3853 2798 1502 8054 9199 4245 317 5180 5677 6867 8891 764 2497 
28 1579 3720 5324 7752 3524 3536 2057 662 6854 4289 3362 2474 8801 3303 1308 713 5485 9471 6695 9005 9639 8635 8902 6832 4811 3404 825 75 
29 4115 9031 8026 2012 9967 3275 8756 2744 5878 2947 8330 7213 9228 4180 3941 2324 2043 2070 9530 4330 4102 1658 3688 1951 5466 4698 4791 977 9346 
29 3831 3025 5209 4650 4529 9322 8176 1998 1064 2009 8260 6997 6115 805 895 8095 3814 3293 4911 7646 4920 29 9004 3510 509 8060 1211 6647 4901 
30 4119 9360 4766 6250 9806 8277 5901 679 1525 4370 9260 6033 8892 9250 863 9931 8759 9169 3193 8304 8098 8301 5172 5649 2376 8241 3457 9358 8180 7577 
29 4523 8669 2442 3781 5826 629 489 6359 383 6567 5059 9412 6456 5063 376 9609 4614 3359 6120 7582 2073 3561 898 809 181 1967 9580 503 5193 
29 9180 2765 2152 1614 1220 8072 8564 4048 1603 7455 7305 2120 4547 5848 9923 3137 5187 9405 9480 6247 6458 3538 6917 3163 8554 3959 451 7854 9418 
29 3766 6557 5889 6655 7084 6005 9540 2531 2161 7765 8668 1168 4823 9043 7112 6321 3512 9046 5498 6875 3365 9062 9205 2282 8522 4412 3072 8360 5738 
29 7643 7566 1712 8052 5910 158 5682 2908 8848 2061 4822 1825 1698 3730 8675 1664 9387 6724 9345 3666 2081 8430 6774 6103 7121 3173 5621 5562 2338 
29 4967 8545 5334 8503 1175 1239 4627 964 5315 1871 4334 881 8611 5451 580 4213 3961 6758 3327 72 8856 7434 2089 7857 4287 9947 7729 9995 8636 
29 1813 6982 9695 3598 5456 7773 2920 2794 8687 6037 5440 258 4985 8864 9716 2206 8319 7578 4359 8825 410 4427 7461 5408 6717 1263 4257 2561 4644 
28 8544 8472 6093 3350 2343 4639 3205 190 8874 4652 4178 8222 1244 4546 8254 958 7803 3790 7479 6525 1078 1529 186 6260 7192 8893 2075 1993 
28 2586 6770 1066 9592 5829 4030 6676 8001 6236 6847 972 3563 5611 877 5767 982 6384 4836 1286 3751 1476 622 9657 8363 8935 4680 7839 2623 
29 3709 5837 8903 2305 8053 9761 4096 2637 3182 943 3487 7243 5550 9651 9414 9763 7556 7221 8041 1823 5625 6886 8075 6619 9962 3274 5845 3159 8385 
28 1999 7297 8678 3914 1267 7144 7087 4621 2064 230 5578 7645 5894 5909 9707 3400 9674 9156 2362 4972 6259 4729 823 1714 2093 3289 6842 1773 
29 9861 7337 2649 8624 4910 6481 9504 3625 7163 6515 991 9793 1034 4423 557 6837 2593 5628 9726 1901 4253 8719 3947 6040 3015 31 2789 8216 6441 
28 3922 6668 5195 5129 4400 7957 6826 5639 2233 5403 8760 6927 7877 5073 9024 4080 4522 1732 2941 657 1008 1381 4426 1877 3938 7156 9444 4014 
29 7245 3076 6265 9042 2135 2701 132 7296 530 9270 3262 6354 1933 8094 305 1416 9209 4645 9928 3732 7786 7862 9945 5521 717 677 788 1315 6014 
29 7136 9246 1734 6402 3518 5082 1794 5433 8249 2989 9562 4127 3834 4749 664 7033 112 3552 1265 4686 6468 9402 6281 6335 105 891 1295 4526 3748 
28 3516 8121 2855 3855 2767 1681 4313 9133 848 4691 6820 7076 3686 2967 5786 6111 8843 801 3549 935 6243 3023 5599 7119 4995 5054 1345 447 
29 4114 1573 6200 8875 3954 1715 5693 8454 4874 7745 2513 642 4379 9792 8378 1598 6492 180 3433 3445 9357 7263 8852 9523 7705 8776 953 8683 2980 
29 8786 1831 8952 7969 1178 8046 7412 4642 4025 4110 5601 7672 8659 8371 2666 1439 9513 7217 8984 9897 7548 6080 1086 714 8247 1486 4268 9882 6627 
27 577 436 4807 7552 5598 7158 1804 6979 5510 8122 2062 9466 7150 2560 3888 8221 5614 759 5099 8030 6636 4979 1728 6203 2902 3540 849 
28 6613 1824 5245 61 7109 4286 5201 2774 9186 565 4898 300 6213 9845 8630 9424 7514 7570 9518 6346 3032 8633 37 2311 8731 1697 9607 7649 
28 6042 9445 8654 6935 9836 3266 8594 8737 36 409 4262 9689 223 1321 4723 7757 7626 6039 7624 6896 1355 4242 8160 9766 2094 7726 2985 7747 
28 8424 8948 1807 968 1210 2677 9989 4672 2179 9818 4497 933 5874 4578 5346 2278 9021 2690 6232 1180 4154 8126 3838 7289 9134 7089 5257 6537 
29 6885 773 8434 5815 4966 3671 1994 365 2541 1609 2558 5983 4914 1176 3828 48 4815 222 7143 9875 2742 5143 9306 932 4961 7107 3840 7194 8395 
29 7653 2550 2365 7982 1124 9980 7408 8442 901 5935 6364 7032 8844 2790 4288 9453 3213 5741 8313 8056 3999 2347 7659 6659 6713 8516 3522 7697 2217 
29 3875 9688 1330 8324 4152 7668 7065 1174 2303 257 7776 6449 3241 339 3889 6166 4838 8847 1338 9239 2688 346 4121 7019 2885 4695 8353 2879 694 
29 526 7006 2954 3560 5263 6421 8006 9406 8460 9220 2835 4921 8734 2017 2973 4851 6453 64 6045 9911 6937 3338 7902 2483 4664 8409 8959 4963 1651 
29 5014 5383 9568 1976 3442 3267 7944 2247 4446 1189 7345 4952 6993 7077 6338 2979 4164 812 4618 4711 6645 5250 4485 1375 2248 4981 8744 4097 9784 
28 9413 5557 1067 6459 2395 7974 1160 7981 4885 1694 5420 527 3449 2615 9196 1050 8321 7964 9125 3874 9486 9335 7457 253 6028 7424 8479 2423 
29 1808 2090 1751 8890 2323 3733 3917 8873 4938 3481 4857 997 92 8038 3461 2581 4149 9624 8113 5267 7057 9649 2160 4366 2862 5032 3589 1653 2681 
29 9168 8339 915 9804 2906 3610 6566 8673 2983 6872 4201 8505 4612 3390 9060 6134 7750 1645 6967 1729 129 5710 372 3219 3940 5734 1991 6942 7326 
28 1717 2297 8592 2472 627 768 8958 1302 266 6097 7284 1960 1544 922 9252 2226 1654 4787 438 8612 2621 4342 8706 7551 6013 624 6564 3386 
28 3249 3632 4507 9039 4976 4553 6112 927 9339 2909 5533 9218 3622 9334 8223 1511 5154 3754 179 7547 1617 3002 6289 8810 8061 3024 2809 9932 
30 8220 9662 3772 5153 676 9629 8957 3619 7592 9006 6385 1708 6674 7949 7809 6741 1496 7081 6649 4187 3566 727 6342 7987 374 8197 4841 6435 6843 6575 
28 3387 8394 1956 5537 7707 4227 8711 6036 1194 2960 4489 2122 5259 8842 8490 4756 5484 7292 9730 7403 7565 4620 607 3351 3014 7261 4586 9556 
28 9049 7205 4994 1862 1197 9625 6049 185 4724 8974 1516 384 2066 8185 3175 1114 6146 324 4498 1400 4508 1663 9539 9342 3547 9765 2467 3375 
28 9159 9589 9940 2640 2746 9302 4828 3480 3500 871 2725 301 5024 143 1504 5652 6180 7585 3718 4464 4675 4484 8302 8747 9642 9904 3901 8805 
29 4078 3492 3027 8464 421 2166 8933 5784 8274 5133 9281 6582 5411 7792 4128 3672 8867 2975 1366 8525 7749 4563 4403 1583 1518 6305 9071 4540 212 
29 295 7639 7031 3149 8699 1264 1282 1342 9324 9737 5904 6590 116 6829 9256 8732 514 650 500 5288 6118 423 9193 2778 6833 2501 2915 5418 6301 
28 42 4796 3471 7253 1608 3680 8368 7915 4194 8040 1092 310 6780 5839 751 6930 904 2700 1803 7716 9132 9859 4468 856 9563 4552 7422 1637 
29 6423 5388 1491 8049 4126 5744 572 8506 4889 9376 1309 2887 331 406 3477 7307 5642 1632 1625 1970 6401 3294 8622 3841 3859 6637 2143 2968 8629 
28 175 1942 6640 3682 6283 6520 6551 1898 4465 7703 3608 7863 5281 4601 6375 5519 8972 8480 1246 4513 7 3689 316 6141 8637 8596 7123 6088 
30 207 5325 9820 2482 5668 6313 7086 1344 3243 3802 6860 6914 2153 6719 8334 1461 8688 4496 5236 6527 7095 1755 206 1447 8685 9576 990 8640 1690 3708 
29 8995 2191 687 1036 5612 1659 1198 3651 4004 8289 8318 4021 8035 5782 5230 4148 2462 5810 6853 7241 9938 5824 5225 1790 1227 9293 9100 7908 3227 
29 4935 3665 810 4717 8751 7430 3019 4395 4348 3340 7761 3273 3356 3893 8329 6380 8028 538 4763 2023 3924 5753 4336 8520 9900 4197 4354 4418 7690 
28 9014 1191 7402 5377 1059 8250 1300 5163 9289 7062 8008 5289 9158 2056 4317 5546 9683 1780 5986 6381 3658 9379 2729 2926 5549 5543 3106 2611 
27 7418 3505 7014 2304 5713 5714 7513 5760 7330 1419 9677 1796 861 3963 7795 5242 7563 9195 6803 1922 6455 5719 1957 8164 7319 3913 470 
28 2851 9740 7115 5134 2756 304 2058 9485 8377 3675 4124 4519 5834 7620 5075 1068 1736 3820 8269 6839 488 4755 7139 1347 9934 4872 1184 5836 
28 102 8406 7695 5751 663 4181 2840 2334 5887 6277 3742 6224 709 4098 7167 6226 5239 2886 6087 9026 9479 9680 4783 8515 5937 3664 8387 7774 
29 78 3179 6857 7864 9382 9937 343 771 4134 3158 2280 5304 5701 4835 3502 2882 2283 2484 8023 2723 347 1200 8951 9301 692 2505 1022 6149 4789 
28 4768 3628 6754 9378 9263 8462 5670 3904 3234 5687 4243 5292 6082 8279 700 2888 5567 2270 9316 5871 1843 50 9221 8219 7930 9869 8819 5517 
27 7584 9727 8399 5632 3764 6464 385 1541 7046 5407 3863 5998 9655 9448 533 3250 5295 7425 6736 1090 6391 4613 4705 7281 6377 2291 224 
28 9888 286 8134 1675 3177 9590 5348 150 7405 4542 7091 5818 6206 2657 8560 6968 5174 2839 2997 8397 9265 6467 5776 5560 2938 5729 8402 7899 
28 9435 94 8170 4535 9150 2394 606 8718 4017 3069 7536 7928 5830 6908 5800 815 9893 1224 7333 1649 8405 3526 3994 2405 7521 390 6217 5987 
28 1574 4474 7529 9385 3845 6580 9055 5396 8680 5119 546 7282 1126 2682 6670 3677 2110 6249 772 1335 1528 8408 7619 6907 1765 8918 8768 1635 
30 2209 7539 8977 3278 8204 9963 4307 6057 4185 8042 4679 8214 4344 1490 3377 1063 7196 52 1033 4475 1043 8048 4859 1628 5091 7517 8218 4461 655 3143 
29 306 8440 49 6889 5940 6753 1593 8741 8642 2595 9970 7766 3124 4090 7146 3978 2364 2299 5463 5697 5203 142 1311 9032 7746 3120 936 6055 647 
28 4189 4066 2836 8547 7416 4053 5167 6747 3912 7709 8213 6552 4092 9455 2837 9400 9103 2521 992 5891 433 5922 7666 7453 6327 4600 1928 5473 
29 8946 275 2069 16 2752 1913 9356 9795 2289 4055 1011 3606 6510 6941 5135 5299 6170 2047 8626 1748 3397 6047 9691 7714 7647 2942 9438 3059 7502 
29 934 7186 8143 6936 3139 1588 1689 3170 7660 9308 1096 2928 1163 5080 1401 4421 2108 5884 2420 6270 5165 1455 9503 4993 262 3734 1550 7294 8194 
28 7426 23 6151 2399 9397 6125 2868 9495 2542 4997 9368 8813 2842 9118 3514 4676 8667 398 4451 8705 767 8202 826 6688 426 4592 1559 202 
30 9189 8383 9361 5669 2253 2218 5351 2331 5159 5071 9720 54 8721 8639 1170 6846 3129 297 5773 3569 2458 6081 7665 1005 4593 3936 7741 6776 4635 7417 
29 1141 4980 7395 1205 2293 3009 4788 3348 1707 2832 7743 9482 6434 3246 6716 4312 1571 1906 9626 6469 8212 7469 2865 948 5813 3607 8290 2804 8799 
29 3042 2713 3937 3099 7985 3292 1521 174 87 4785 8499 2050 3121 7321 8140 2372 2821 7994 4299 4826 7825 4308 4000 8433 3450 6921 9987 6737 4747 
29 6229 7704 4088 4957 3291 5 2642 7227 4044 5293 2078 9908 8448 7242 838 6611 3639 8702 8271 2490 6934 3862 6501 3559 8002 4954 371 8932 9604 
28 4466 9447 4773 8778 6177 1969 236 7393 7916 7661 8862 1069 71 1661 8422 4207 3319 1710 9846 4211 4816 6316 2383 3214 3796 120 6663 819 
29 1048 4397 5069 3919 1024 8910 5706 4377 420 4500 3364 2255 3284 7104 6873 9616 2130 5331 490 7398 4225 8881 3712 9572 3588 1629 3719 4767 7917 
28 4052 476 7309 896 3323 2992 3541 5772 2274 1207 4728 2780 3685 8137 7725 5746 2290 7823 9779 3788 3749 7736 7224 3713 6761 5231 2273 9873 
29 2805 4949 9747 8625 4186 8575 5683 5010 3882 3212 4032 8455 4919 568 998 8242 3004 4202 9429 5421 7920 4912 1112 1470 641 2268 2969 7555 6207 
28 3423 3235 5206 9984 837 4887 4298 5296 4174 5659 9127 2355 4382 4448 4072 9734 1611 4842 1230 2180 9399 7197 4222 8110 1820 8105 6969 6632 
29 5919 3452 3899 6092 1758 6868 8746 3203 8322 2511 4431 4591 2495 1091 1135 5373 7673 8333 6759 7070 6131 2764 3165 18 3111 5711 7435 9188 1185 
28 6392 3704 8870 2858 8273 4175 7327 5596 9457 4736 1683 7824 1436 1102 7948 8713 7546 6946 3031 9807 9519 9305 4155 9978 2731 852 8774 7134 
29 6950 8504 7173 7481 879 7176 5637 1433 2937 6606 5509 1460 6378 4081 3942 1866 2714 5287 1652 3089 5338 3497 2619 1811 9034 4702 3345 4881 6730 
27 1572 8730 9131 7744 5860 555 4137 794 619 2373 9862 2998 6298 8901 8610 2740 5989 5799 1757 4220 3864 6771 2065 9517 1010 696 8351 
29 3153 7708 5545 9956 3623 6379 7299 5177 5757 8150 8369 8755 8248 5962 7199 6644 7248 4162 3638 7640 7497 1208 6579 2751 2533 9894 5698 7568 1648 
29 8097 9718 1531 3044 3707 7679 8834 6205 8005 5976 7209 4988 9179 7001 1914 2869 6323 5688 2702 6394 6004 4558 296 4270 4061 1316 9916 5029 2504 
28 4960 3209 7439 1700 1855 1787 7117 2728 2318 620 161 8347 2080 1314 4471 8175 2292 6760 6900 7780 6834 3070 3910 3614 1939 9383 9015 2288 
28 9371 7030 3339 4824 7519 9874 4069 9380 9149 51 1724 564 1701 2893 5646 1977 7273 370 7826 2787 4445 8853 2991 6408 41 5667 9330 7341 
29 1769 1512 5475 6258 2048 2236 3949 4692 425 9883 886 5699 9370 7973 1726 2193 9066 302 8367 9944 7814 3990 821 2177 6828 8895 5928 845 1911 
28 660 6488 3656 3324 6445 5705 2346 6752 2680 3784 833 5963 2262 7612 7099 3897 5040 1073 3776 3761 7420 8344 8308 4959 1762 574 2594 4871 
28 152 9887 1704 3698 5585 8992 2096 5376 4325 4647 1564 9497 2004 6749 1453 5662 6512 8921 4786 7446 2356 8451 3352 8803 4762 6496 3334 419 
28 4071 9213 336 8745 8063 6822 6221 9533 5861 6412 2522 67 8666 5132 9232 2889 8414 7428 3245 7170 5264 8962 3426 1181 3355 3645 5991 5921 
28 6808 3181 7380 5310 6681 2519 7061 2536 8262 8511 3194 9007 2686 2683 5270 7888 5013 2173 3714 2861 4536 9652 5016 5173 3779 2123 9841 2659 
29 6424 8364 8710 9632 5968 3118 6616 9182 9554 4929 4460 6954 609 3010 6156 6629 3927 5098 3244 4159 2628 284 6241 3081 1958 796 2400 1665 2994 
28 5057 4447 8740 7922 3417 2873 8201 6652 4003 8593 8253 2946 8512 9672 3401 3067 56 1623 7283 8312 364 6679 9903 9082 8782 8582 9018 3021 
28 1587 3171 7871 2042 4476 3755 6267 7768 4079 3850 1493 5106 2859 7043 5067 369 6396 1973 7832 8 1432 1274 4176 2294 2626 882 4353 7718 
29 5046 9248 2000 5112 9190 9777 2439 3486 9619 3086 4856 1045 8939 2743 5581 4340 5958 7410 4837 6870 5743 5437 7101 5764 7280 4895 9786 2007 1289 
28 8849 9038 5197 5127 6410 5945 7870 8532 8793 1883 3791 9703 6025 9501 4633 2185 9560 9653 8671 1940 5788 6101 5624 9074 1509 2357 5635 7947 
27 9111 2351 450 1278 5680 408 43 8553 7078 3835 1395 8691 7712 7114 8908 1918 1640 6734 4208 2196 3572 3224 9557 3710 7843 8945 1864 
28 6197 1359 1556 7698 1890 2801 2918 6738 5496 1693 5175 9780 8231 6471 9796 5737 6334 2899 8300 6043 1324 4971 8763 9291 4615 1601 5050 1596 
28 13 6152 191 961 9754 6262 9477 9393 3678 7847 7802 1214 7308 2761 4669 5731 211 6336 5103 3097 9373 8010 9661 6011 7738 1071 9650 277 
28 4764 3169 498 6961 3405 8108 1996 5742 8641 6015 8089 1292 5428 1621 8489 6119 6617 4085 9758 2696 6122 5452 5445 4531 5633 2881 1851 7559 
28 7937 6897 656 7244 1421 605 2429 3854 177 7580 332 2426 7237 7509 6418 9283 7898 2087 4399 5630 4626 9722 312 8606 2866 5526 1678 3554 
28 9714 8183 4951 2876 9129 7667 703 2450 1895 1317 2735 1389 8435 6345 7075 6851 8720 8259 847 748 8229 6355 3438 3157 8376 6513 6061 3767 
29 4974 352 5865 5553 7579 6123 2018 7347 3745 670 9634 569 5405 3926 8255 9935 5622 7218 840 6682 1561 8467 2363 8648 235 843 6823 6264 7652 
29 3590 6425 4996 4480 7603 1076 8831 3489 4640 2457 8147 2610 4825 6406 1358 4373 8534 1781 8233 4886 5745 8209 8127 1878 2976 9041 4683 1106 7272 
28 602 2496 9951 1835 5999 9027 1592 7675 1797 2286 4990 9628 7740 8109 3495 4700 505 4572 6193 7819 3593 5558 2427 5864 9828 5712 5851 6576 
28 4141 8590 6294 2169 5181 6292 1487 3513 5406 1032 1643 4168 3174 3923 32 8780 8999 6400 9929 2827 1984 2377 6909 6838 1975 6184 5551 4678 
29 9321 5326 9743 7894 2860 5868 5368 7054 5176 6584 392 5329 8861 428 1905 7102 2034 9295 4453 2045 4899 5722 2210 5184 8770 1474 3652 3769 2480 
29 7576 698 4169 9884 4573 7842 851 3803 7202 9126 4140 2116 3488 8925 1719 6841 5447 5422 9162 5362 1949 5814 5873 7972 7923 2572 8941 3857 3952 
28 570 2847 9200 3005 7986 289 8970 9975 6300 5012 2260 2325 6367 8814 3747 9312 2341 5631 244 1075 1722 4173 9950 9065 6308 3421 3202 711 
27 962 6980 5564 4311 4123 1612 4597 2674 3018 8206 6586 7958 5198 1103 1137 9292 6963 5043 9614 7945 9331 9063 8542 4271 9927 7362 9558 
27 7883 5967 5914 6910 4250 6500 5218 9240 6630 3336 1908 2408 8384 512 1819 8370 5419 1684 6132 4041 6926 6569 634 240 3758 4339 531 
28 5465 7511 6888 1410 906 3122 9329 1322 4145 7651 9917 8857 5441 9160 210 96 4438 6712 1806 5164 4073 2669 808 4416 4532 7852 6390 6246 
27 7633 27 7496 1417 3992 167 7872 3905 3254 4833 7267 5332 6337 8341 6362 3837 2806 1955 454 1478 3726 8632 4681 2718 396 6320 6279 
28 4065 4797 3302 2963 7528 6767 3091 6902 9044 5843 4665 8191 1920 7388 1452 6072 1469 4648 599 6949 6514 1687 8169 5660 79 617 9152 6133 
29 9488 7179 9257 4214 5207 7383 232 7526 6615 3304 1749 9979 2076 986 7739 8942 6078 1 3473 4439 7874 5328 5785 6 4571 4437 2371 8879 5211 
28 8099 1312 1186 9219 3050 81 4975 9350 4799 4638 2030 1402 1085 1223 1530 9570 5590 6343 6775 3052 797 8449 735 2104 4517 9723 2781 6835 
27 4753 1130 554 874 5333 6657 4703 5457 7993 1671 7925 5083 9309 1761 8148 4883 9525 2174 1252 5494 3413 1481 4908 5527 8682 9968 2494 
28 7662 8653 1339 9304 3907 7621 6105 9310 5301 5142 2763 798 2390 3132 6696 802 1537 241 2726 8457 5414 8738 8772 5702 8979 491 7885 1868 
28 7914 5097 1285 6493 7442 8766 792 6522 6436 2689 9835 7039 2382 924 3646 169 379 6466 8186 1379 867 7818 10 9020 1119 3979 9697 7534 
28 8346 9443 5213 2971 7367 1293 3804 3439 6328 1248 1526 2656 9303 7663 2342 1122 7889 1941 4894 4333 8173 9849 6317 6366 8987 7861 3422 5823 
29 7148 5944 3701 5387 7116 4933 5796 4015 4083 974 5530 2052 8616 430 9959 2300 1567 461 248 4499 3792 6126 1966 3135 2962 6447 8225 4708 6202 
29 4322 3247 446 350 4622 5797 675 9892 22 4263 4163 7753 8931 858 1294 3152 1382 1613 9671 9511 6023 7530 897 1546 6943 2329 4548 2016 6172 
28 3363 9692 2813 3659 6102 678 3722 3644 3429 5822 7955 648 3131 8826 8650 6439 4125 6725 2022 8662 9275 8287 2612 2261 1705 9748 5953 1298 
28 7427 3104 9037 5247 1505 309 4942 6395 8517 5235 4579 4945 5291 5913 8886 2970 8982 8133 8827 4806 7198 7204 7480 8527 5344 9505 2620 9510 
28 4804 1125 8286 4896 1053 1430 3225 4550 8398 323 715 686 3134 6129 7058 2125 3567 6965 8563 6555 8181 1202 5300 3998 486 575 6332 6656 
29 746 9243 7358 6117 9268 8651 2673 2410 2477 110 2629 3392 3310 6010 6836 2006 8288 5573 8429 6957 4285 1475 5088 7998 4450 2054 5849 4345 7911 
27 5777 6683 9646 6030 2555 1236 1238 6978 9798 3229 3670 2825 600 1873 3692 8276 6905 5733 8208 3189 770 1443 4369 547 6074 4422 1397 
29 4852 159 1746 9933 3702 8966 6634 3556 2961 1692 7727 6999 1303 8015 2010 9598 2485 6689 4086 2515 3115 1110 8929 5359 1396 9423 9971 1954 6090 
27 654 7494 9470 3746 9515 2279 319 2613 5369 7135 3402 4136 5108 8915 917 2753 1195 5655 3690 5866 6477 5140 5342 6920 9080 4775 7063 
29 138 2864 5653 3867 2353 4739 2391 4273 2403 1242 5311 5480 6882 6878 5220 6220 3576 1789 7684 97 3935 9840 9108 1686 7616 5548 9573 6587 973 
28 1965 5939 5908 3264 5574 784 6990 2738 7931 4792 8153 5770 3543 1498 9390 6539 3895 1578 268 176 9843 2875 9905 737 7617 5918 6524 2582 
29 9543 8961 8927 6155 7295 8663 8924 1440 8645 219 790 6287 4002 1097 4417 66 1391 4118 7023 4405 4233 7454 5792 4326 9253 4820 1105 1350 9969 
28 1577 5467 6992 9224 9627 5210 6167 6538 2846 5189 9910 1589 5417 9824 3786 9564 1117 3088 8419 4863 1388 1501 8742 9277 2709 9398 5002 6121 
29 9988 9538 5721 3476 4715 9719 9494 5759 9084 6795 9760 1867 9300 6272 2220 4424 4750 5003 2131 8795 6700 8521 2856 857 8845 5285 1327 9838 9307 
27 2265 3765 928 3396 4391 8500 5506 9851 4272 1647 8189 510 3269 9299 1783 2245 3594 5927 4781 1534 3521 5039 8058 2275 467 8514 1627 
28 8057 596 8415 7516 3696 7381 1750 311 8840 1039 8067 9964 2877 1879 2982 9098 3043 7189 9611 495 6662 2074 2694 9582 2523 4643 7608 4300 
28 1386 8207 9787 2396 5308 7286 9223 2021 437 1089 2867 2502 1044 6945 7859 8283 6714 1231 9144 3012 458 3221 2336 8555 6059 2544 5481 7187 
28 1109 8128 5903 8885 8193 7180 8257 6817 6186 1259 4130 39 4599 4602 4276 2256 3013 7040 5977 6373 3750 2374 6782 344 497 3985 5897 9799 
29 2378 9288 9202 6363 653 4408 4514 9936 6473 2552 7131 9502 8337 1467 914 1457 9323 1346 1845 9901 6034 3358 2553 4510 5386 2088 4512 2956 4188 
28 3123 4166 5462 3259 7625 163 630 7338 4588 5397 1215 5282 6811 6996 6895 6653 7733 444 1563 1394 7302 7339 7977 1209 3993 6881 9403 6511 
28 2672 9498 227 8130 1448 4530 7800 3647 3887 7190 3035 5395 3368 7344 7238 8599 4103 9017 8161 1356 5995 3977 4039 2393 9579 340 5042 7215 
28 5500 4303 7475 7724 8530 2101 4722 9648 8458 2083 6171 9952 3314 5840 4226 7069 3535 2227 7762 5754 7254 9610 6541 2812 7396 2907 8619 2630 
29 2417 5608 5965 9966 2049 6618 3090 2950 6331 6711 1228 584 6352 5761 153 4902 3499 4043 3615 4301 827 5715 7252 7074 2478 2848 8784 2157 4087 
27 8709 4805 9492 2573 4009 3242 402 8000 9733 8224 1182 6763 3321 2546 6998 4570 2128 9473 3738 7137 1506 2454 2422 6012 6161 3285 9478 
29 5062 3775 7611 7230 5226 2775 216 3420 5570 1020 6357 8907 4179 3317 1494 95 6521 2407 2684 9401 2277 2159 5019 7052 7604 9045 6094 8265 1766 
28 1641 534 9699 9095 785 8050 3587 6944 8211 5514 8859 1919 7118 7130 8926 3799 1950 7357 6285 4007 8102 7073 7717 8146 6068 8771 6806 6051 
28 8551 6347 5511 5516 2013 6027 9864 2797 6160 1423 1548 7554 8352 4045 2671 8190 7676 2321 9597 165 7193 7562 3542 3687 8117 2189 1533 2678 
29 4077 405 2005 3950 6000 3318 2838 8478 980 6276 1837 6183 1320 7549 1838 3525 4378 3376 3737 9237 4198 6370 2824 1337 5795 3760 6271 6830 6216 
29 7324 2583 854 4046 952 7865 5323 9880 8876 1083 8258 545 5200 6291 4637 4109 2312 595 7168 5602 9663 8998 5709 1995 3649 3601 9767 6561 6164 
28 4398 1925 8850 2244 9273 504 6658 674 5278 1218 7195 6310 3011 8883 920 7758 6353 5672 7632 9396 579 8065 3447 5538 5882 3207 950 6625 
29 666 3496 1924 8717 6237 5360 1414 2322 8486 2509 8284 529 5367 522 5443 418 8310 7103 3255 3789 6071 6733 3577 5337 3196 65 4940 5204 969 
28 3815 9136 2524 3306 6504 740 3103 4953 7390 7291 2943 5791 2577 9261 9359 9852 5056 744 508 3017 6855 783 4255 6201 4682 4699 1738 1921 
27 3511 551 9797 6748 2339 4948 7379 7483 1971 1233 7873 3635 1642 2981 733 6953 5640 631 8380 2773 2199 8818 1378 1428 8986 2386 8618 
29 2182 2803 5345 8327 2633 5229 456 2232 720 9274 5350 9728 115 1406 4779 2015 4623 7808 1743 3466 9926 6290 614 464 1815 806 7837 9918 9138 
28 6603 9826 128 8949 3898 1441 7464 7880 1897 4958 9500 6460 2720 6915 8762 7763 8773 9567 4861 3357 9574 3469 7220 7713 6654 2067 6235 4712 
27 4760 4246 8565 130 2815 9915 3479 7369 252 7374 8391 7009 1650 6892 4277 9830 3890 7476 4441 2366 6089 4267 8672 1361 4793 5915 7820 
28 445 6671 8513 2526 6815 9856 7598 1888 5434 8655 1622 2412 3795 58 3096 3370 645 7231 8230 9142 5607 5872 2978 4407 5907 8024 1001 7641 
28 7828 6785 736 6620 2358 1674 3528 5512 5074 5474 2891 1172 8426 1885 3684 1173 2231 7064 6199 9341 6109 8922 8192 2264 5950 5372 9296 4539 
28 3236 4433 1779 5696 4629 3346 2762 6919 3167 6188 6574 2188 2316 9 5191 5026 6940 5495 7573 4928 6144 9631 2072 1812 4479 2487 6498 5320 
28 9282 3119 4068 8829 5251 7637 1004 1299 3777 7876 9089 2539 8775 4862 604 1057 4310 2246 1850 2641 8275 8905 1061 1834 4840 3074 7654 124 
29 9925 548 3316 7798 4248 2468 9315 2194 8723 2802 2651 4316 2314 6060 4761 3616 7737 3184 7510 7634 4709 1953 5234 2964 7508 7223 8037 7533 2149 
28 4473 1038 9756 5997 7151 2201 6816 939 8812 1007 6697 3146 334 8446 1856 2060 6977 4704 3007 3915 7444 8888 8690 9667 8660 8317 2634 2103 
29 5798 994 4238 69 9621 238 2609 6994 8441 4527 9035 3490 916 3585 1142 5978 2692 8155 6958 7366 6297 542 3154 3729 581 8750 2380 8470 2894 
28 6669 9791 417 8438 4834 7952 7201 106 9870 6185 7108 9116 9068 1507 7171 1927 8461 1931 8800 1065 8280 9036 1718 4020 2776 1916 6598 7368 
28 2993 3856 6778 273 7769 791 9407 2687 8469 3508 8623 4696 8390 2204 6462 1828 8757 5980 148 6095 1072 7465 8088 1786 9710 3962 1739 496 
28 9215 1893 7421 6407 7147 1055 1151 3465 9658 5781 7334 8821 710 6591 3896 1536 2200 4404 1006 3342 1699 7501 5017 3930 2779 556 870 7886 
28 7995 5952 2933 7976 979 5912 9183 6562 5523 391 4687 3839 6486 6208 8578 4800 4191 7447 3077 6923 8163 8965 6086 7411 7856 2031 9724 4171 
29 6845 3929 7329 9019 4200 3332 4673 4524 6162 7097 6989 7706 7443 2675 7692 5356 6106 4493 7027 6685 7571 8863 8252 1874 5582 427 2895 9431 4361 
27 1472 6001 1021 7449 6790 2137 1854 6393 1767 7812 532 1444 2520 8007 7587 1832 3928 3276 6314 5893 9206 5381 7505 7770 6673 8187 4594 
28 9155 2335 9685 1422 2352 4694 3997 7240 7680 8603 7328 8350 1280 4160 5718 8168 2419 8396 2592 5641 6641 2934 6239 2328 8081 5092 7322 5674 
28 3256 1424 4808 3064 9640 9391 2644 8423 1679 2799 3286 3020 3584 6006 9712 7700 414 3728 2580 3969 4013 5190 6911 5812 8559 9463 1484 98 
28 3145 6687 2557 540 2966 4567 1865 743 2707 5121 4533 2548 1962 2534 5477 2951 7353 3329 3252 3964 5663 1497 1716 3354 4352 3366 4111 722 
28 993 9850 6664 6382 9115 2569 9585 7392 8182 9921 6191 5768 5219 9008 3463 4538 4054 2319 2650 7627 7017 1912 983 3909 3583 7772 6898 7234 
29 9340 612 5740 3932 8445 4817 2622 9107 739 7024 5597 4101 1405 5817 9902 5577 4232 6962 1656 463 7226 6116 3578 2115 4138 5471 2099 3188 3232 
28 558 5149 276 4415 1961 6985 9565 1012 5183 3105 4374 2044 1147 9002 7853 1886 9587 1702 5431 6349 3624 4462 9977 7125 5870 6755 2456 6413 
29 671 4236 8481 9408 7790 5610 7110 2435 9425 7268 3506 6773 5974 3382 7088 4845 6621 507 3822 9512 2831 7657 6986 8112 566 3906 5591 1367 8311 
28 2452 5595 7120 7699 8584 4278 5138 1821 4577 9067 9029 7370 2463 539 278 2315 3891 7433 1101 5283 7827 2905 6769 4984 2828 6722 7655 592 
28 4661 7487 1816 3951 3391 8681 3300 5223 4229 7450 2924 1880 2900 1847 5972 3458 7155 1240 6964 8767 1605 6903 9514 9953 8846 4224 282 4625 
28 4616 6497 7011 8841 2841 5990 8093 9939 7755 7419 5592 3955 9311 7290 2939 981 8960 9981 1903 9946 8735 4744 3655 5101 4411 4580 2444 2296 
28 2636 6720 7694 9811 2914 9773 8798 6409 9660 1792 8917 1723 907 6114 866 6545 9469 17 6863 2871 9638 8411 195 4042 5569 5618 7066 5269 
29 7822 4338 1140 4917 404 2221 8790 4452 356 7670 5192 2935 9833 2944 3026 8031 6802 3596 1624 9566 6608 6158 8739 3045 4228 8953 5216 3444 960 
28 395 8468 1113 9128 6677 5058 3151 4205 7468 4241 8808 9855 225 2903 5804 8051 6104 5212 7083 7211 765 3699 3948 1947 8880 5432 2810 1363 
28 8407 7574 7929 7026 5148 73 3272 2853 1028 5045 4281 292 387 5093 2369 388 5825 6792 9516 1026 3725 9602 1108 8533 7050 7817 4923 1177 
29 9872 7946 5077 817 1380 4252 7349 9172 2281 6329 5413 4375 8605 4294 6228 318 9409 884 8291 3394 1332 2102 543 2732 1800 6358 3030 3472 7364 
29 6190 1846 5555 1590 1465 8954 5925 1258 2562 6084 2097 9983 5689 6601 1145 7013 5531 8425 7628 6140 4491 2471 6517 8243 3459 415 8228 2431 511 
29 2823 1271 6890 1442 4195 4867 5022 3040 9848 431 6138 6651 3435 198 1963 4335 4693 2447 1190 3976 7535 7274 9061 6478 7154 2448 4890 7805 7021 
27 5552 1691 7042 9286 1123 1639 8365 8076 4641 7610 4401 8536 6174 8871 3287 830 3824 6307 272 8064 3087 7498 8802 4666 4735 2814 2134 
27 1753 2785 3519 4777 6844 6703 3558 4831 5068 1899 7785 9490 7919 6706 2387 4470 5357 8459 7504 6825 1331 4790 1237 749 3816 7537 9527 
29 6638 9166 1909 8872 7845 908 3001 3821 9531 5384 4504 1742 683 4829 8362 9630 9077 6739 3414 9386 6196 217 9198 6293 7730 9030 5960 2936 6614 
28 8595 1035 4751 4217 2535 8266 8494 3299 8783 3545 9012 8824 3094 213 7271 903 1403 9528 2602 7325 8809 3673 4265 9124 5459 9422 8589 537 
29 3233 1425 3575 1772 4249 1923 9909 996 5105 5355 4040 7387 5852 8020 5152 6100 4328 1376 2029 591 4982 5888 6694 9881 9208 3451 1027 6546 3116 
29 2652 5008 7979 3462 5520 15 8569 4315 194 9254 2547 3817 9739 3065 7035 214 7836 5899 9867 9801 329 146 5341 3848 9112 8077 8978 3870 9895 
28 3902 3482 2418 5483 1241 6766 8111 2499 3654 4363 2590 3434 8661 5808 5202 4819 4893 8171 5458 9226 3223 5358 4741 4459 6052 1270 265 6588 
28 601 7787 7689 2755 357 220 7467 5274 7629 2230 8878 8507 3464 3441 4280 1047 588 1565 1884 3843 8136 7055 3706 7970 6311 5789 7996 5885 
27 8315 9104 8586 9636 5436 1373 6244 6793 2176 1668 4720 8538 7962 4776 8129 4843 9647 4653 672 8091 9225 5657 3727 7164 3328 7903 9827 
28 9742 4060 3312 5298 4018 4730 9753 6550 9317 5906 1023 1695 3981 1094 9430 5648 1341 7635 763 5626 3053 2987 88 9805 5256 3468 8887 2436 
28 9284 726 108 1049 6211 2298 0 5748 2892 5366 6672 3975 8115 1936 1409 492 1169 6326 4924 1733 4939 242 2566 7601 1404 3308 5021 2565 
28 9211 8205 8781 1926 5005 5318 956 4251 4931 1431 6318 2705 6735 2617 2225 4955 756 3261 2192 8340 315 4449 1997 6325 2170 2716 4256 1990 
28 8090 5756 5156 3373 5086 5867 1770 5739 468 3398 1166 9072 6701 4598 2508 3418 354 705 829 9102 1362 9789 4038 1449 6573 5844 8268 8009 
28 7609 8177 3903 9899 5783 5857 80 8914 358 8325 4047 5442 3095 9010 7233 254 2564 5692 3621 7067 2222 2190 6139 7868 251 2737 6189 6173 
27 8724 4390 8797 9669 8697 393 3871 4880 3532 3313 9839 6693 3879 5720 3920 3939 4557 2625 2665 9578 8354 1129 2896 6222 9244 7966 8307 
28 1466 7918 5185 4 2212 208 1243 800 9231 4520 9812 4873 6728 2730 3180 6565 5081 9709 3945 1273 8785 1019 1500 6022 7807 8916 7474 8898 
28 5354 1437 4803 1325 5020 7488 5228 1167 1081 5322 7906 7596 1261 9800 5775 775 9553 5060 1084 6372 8357 6848 7376 399 516 8236 3530 4915 
28 6891 1896 6819 170 873 7022 6866 2027 8904 878 8815 7007 1056 5504 4167 1887 7438 6678 6571 9234 9744 4296 754 5985 3197 7470 7165 4964 
28 5262 7235 5675 3762 375 7203 5446 2679 4388 3813 7071 9750 6143 3983 9681 3047 2411 1720 9693 5858 7266 7445 2796 5402 6360 5280 2957 3634 
28 9858 8366 1037 1560 3036 2154 7896 5862 2538 7472 560 1524 7846 7696 1636 7909 335 2133 9749 5111 1077 1153 2597 9069 3717 7246 2493 9941 
28 7735 5613 8080 659 3557 4104 2608 6744 8316 5490 4774 2913 7459 8963 337 7615 8087 7813 6195 9965 8729 2575 5305 6077 8100 8416 8539 6135 
28 3611 1365 3333 2350 721 5224 5170 3341 9178 5603 4435 7830 3705 4199 5214 3599 2425 2026 6788 9656 7269 2588 7523 6916 5685 1540 7178 9914 
28 9890 5336 4503 5461 1390 221 7359 8292 3215 2243 9087 3721 3415 628 9729 6726 1763 8491 7710 9105 9245 6723 5120 7332 2749 4590 3038 8314 
27 9328 9942 5472 9076 8937 8913 3830 9949 9889 4818 4565 6646 1968 9344 9047 7881 5554 6505 4725 136 1782 3478 1254 1881 1255 9847 3810 
27 5370 9913 7331 7279 4156 4309 8897 1802 9499 9548 5964 1585 9458 1482 9355 2219 3085 4742 348 5807 5735 1031 5515 5536 7789 2585 4821 
29 1764 2795 2604 9785 9139 6966 2782 3934 1555 1849 7275 4266 4402 7346 4855 7212 9419 4865 9641 4770 3093 1155 8716 2360 517 6667 5375 1212 7456 
29 8267 6062 3383 1863 5182 5126 8791 9437 3130 8794 1000 4892 5854 6026 4365 5730 6403 8116 7093 4778 1157 8508 4409 7354 4367 127 578 4685 6787 
29 7901 4392 5898 2140 2930 6554 6859 7278 9994 3648 203 8967 9618 777 3063 9876 8996 6050 2118 4987 1343 7451 2529 9686 4646 1115 7002 6955 7460 
28 7256 7343 68 6234 6113 9241 6411 6389 261 7462 4732 2389 3251 3054 623 6924 8336 6526 8869 7971 1979 712 1974 4008 3988 8272 4516 9343 
29 8453 8523 7581 4436 4655 5522 9456 1420 3156 3565 5584 7432 1489 9844 57 3344 2432 985 7208 742 4203 8382 9364 5232 2498 5787 7004 2587 9600 
29 4801 2202 2777 1756 4784 62 513 8828 1370 594 9575 4100 9287 989 30 7558 6768 2113 3248 8822 6165 9369 11 5571 4337 453 8574 4965 2518 
